
*** Running vivado
    with args -log lab8.vds -m64 -product Vivado -mode batch -messageDb vivado.pb -notrace -source lab8.tcl


****** Vivado v2023.1 (64-bit)
  **** SW Build 3865809 on Sun May  7 15:04:56 MDT 2023
  **** IP Build 3864474 on Sun May  7 20:36:21 MDT 2023
  **** SharedData Build 3865790 on Sun May 07 13:33:03 MDT 2023
    ** Copyright 1986-2022 Xilinx, Inc. All Rights Reserved.
    ** Copyright 2022-2023 Advanced Micro Devices, Inc. All Rights Reserved.

source lab8.tcl -notrace
Command: read_checkpoint -auto_incremental -incremental /home/jorbis/Documentos/GitHub/DAS/projects/lab8c/lab8c.srcs/utils_1/imports/synth_1/lab8.dcp
INFO: [Vivado 12-5825] Read reference checkpoint from /home/jorbis/Documentos/GitHub/DAS/projects/lab8c/lab8c.srcs/utils_1/imports/synth_1/lab8.dcp for incremental synthesis
INFO: [Vivado 12-7989] Please ensure there are no constraint changes
Command: synth_design -top lab8 -part xc7a35tcpg236-1
Starting synth_design
Attempting to get a license for feature 'Synthesis' and/or device 'xc7a35t'
INFO: [Common 17-349] Got license for feature 'Synthesis' and/or device 'xc7a35t'
INFO: [Device 21-403] Loading part xc7a35tcpg236-1
INFO: [Designutils 20-5440] No compile time benefit to using incremental synthesis; A full resynthesis will be run
INFO: [Designutils 20-4379] Flow is switching to default flow due to incremental criteria not met. If you would like to alter this behaviour and have the flow terminate instead, please set the following parameter config_implementation {autoIncr.Synth.RejectBehavior Terminate}
INFO: [Synth 8-7079] Multithreading enabled for synth_design using a maximum of 4 processes.
INFO: [Synth 8-7078] Launching helper process for spawning children vivado processes
INFO: [Synth 8-7075] Helper process launched with PID 21594
---------------------------------------------------------------------------------
Starting RTL Elaboration : Time (s): cpu = 00:00:02 ; elapsed = 00:00:03 . Memory (MB): peak = 1981.074 ; gain = 380.738 ; free physical = 8408 ; free virtual = 14640
---------------------------------------------------------------------------------
INFO: [Synth 8-638] synthesizing module 'lab8' [/home/jorbis/Documentos/GitHub/DAS/sources/lab8/lab8.vhd:38]
	Parameter STAGES bound to: 2 - type: integer 
	Parameter XPOL bound to: 1'b0 
INFO: [Synth 8-3491] module 'synchronizer' declared at '/home/jorbis/Documentos/GitHub/DAS/sources/common/synchronizer.vhd:21' bound to instance 'rstSynchronizer' of component 'synchronizer' [/home/jorbis/Documentos/GitHub/DAS/sources/lab8/lab8.vhd:146]
INFO: [Synth 8-638] synthesizing module 'synchronizer' [/home/jorbis/Documentos/GitHub/DAS/sources/common/synchronizer.vhd:35]
	Parameter STAGES bound to: 2 - type: integer 
	Parameter XPOL bound to: 1'b0 
INFO: [Synth 8-256] done synthesizing module 'synchronizer' (0#1) [/home/jorbis/Documentos/GitHub/DAS/sources/common/synchronizer.vhd:35]
INFO: [Synth 8-3491] module 'ps2receiver' declared at '/home/jorbis/Documentos/GitHub/DAS/sources/common/ps2receiver.vhd:21' bound to instance 'ps2KeyboardInterface' of component 'ps2receiver' [/home/jorbis/Documentos/GitHub/DAS/sources/lab8/lab8.vhd:152]
INFO: [Synth 8-638] synthesizing module 'ps2receiver' [/home/jorbis/Documentos/GitHub/DAS/sources/common/ps2receiver.vhd:38]
	Parameter STAGES bound to: 4 - type: integer 
	Parameter XPOL bound to: 1'b0 
INFO: [Synth 8-3491] module 'synchronizer' declared at '/home/jorbis/Documentos/GitHub/DAS/sources/common/synchronizer.vhd:21' bound to instance 'ps2ClkSynchronizer' of component 'synchronizer' [/home/jorbis/Documentos/GitHub/DAS/sources/common/ps2receiver.vhd:48]
INFO: [Synth 8-638] synthesizing module 'synchronizer__parameterized1' [/home/jorbis/Documentos/GitHub/DAS/sources/common/synchronizer.vhd:35]
	Parameter STAGES bound to: 4 - type: integer 
	Parameter XPOL bound to: 1'b0 
INFO: [Synth 8-256] done synthesizing module 'synchronizer__parameterized1' (0#1) [/home/jorbis/Documentos/GitHub/DAS/sources/common/synchronizer.vhd:35]
	Parameter STAGES bound to: 2 - type: integer 
	Parameter XPOL bound to: 1'b0 
INFO: [Synth 8-3491] module 'synchronizer' declared at '/home/jorbis/Documentos/GitHub/DAS/sources/common/synchronizer.vhd:21' bound to instance 'ps2DataSynchronizer' of component 'synchronizer' [/home/jorbis/Documentos/GitHub/DAS/sources/common/ps2receiver.vhd:52]
	Parameter XPOL bound to: 1'b0 
INFO: [Synth 8-3491] module 'edgeDetector' declared at '/home/jorbis/Documentos/GitHub/DAS/sources/common/edgeDetector.vhd:21' bound to instance 'ps2ClkEdgeDetector' of component 'edgeDetector' [/home/jorbis/Documentos/GitHub/DAS/sources/common/ps2receiver.vhd:56]
INFO: [Synth 8-638] synthesizing module 'edgeDetector' [/home/jorbis/Documentos/GitHub/DAS/sources/common/edgeDetector.vhd:35]
	Parameter XPOL bound to: 1'b0 
INFO: [Synth 8-256] done synthesizing module 'edgeDetector' (0#1) [/home/jorbis/Documentos/GitHub/DAS/sources/common/edgeDetector.vhd:35]
INFO: [Synth 8-256] done synthesizing module 'ps2receiver' (0#1) [/home/jorbis/Documentos/GitHub/DAS/sources/common/ps2receiver.vhd:38]
	Parameter FREQ_DIV bound to: 4 - type: integer 
	Parameter BGCOLOR bound to: 12'b000000000000 
	Parameter FGCOLOR bound to: 12'b000011110000 
INFO: [Synth 8-3491] module 'vgaTextInterface' declared at '/home/jorbis/Documentos/GitHub/DAS/sources/common/vgaTextInterface.vhd:24' bound to instance 'screenInterface' of component 'vgaTextInterface' [/home/jorbis/Documentos/GitHub/DAS/sources/lab8/lab8.vhd:238]
INFO: [Synth 8-638] synthesizing module 'vgaTextInterface' [/home/jorbis/Documentos/GitHub/DAS/sources/common/vgaTextInterface.vhd:56]
	Parameter FREQ_DIV bound to: 4 - type: integer 
	Parameter BGCOLOR bound to: 12'b000000000000 
	Parameter FGCOLOR bound to: 12'b000011110000 
	Parameter FREQ_DIV bound to: 4 - type: integer 
INFO: [Synth 8-3491] module 'vgaRefresher' declared at '/home/jorbis/Documentos/GitHub/DAS/sources/common/vgaRefresher.vhd:23' bound to instance 'screenInteface' of component 'vgaRefresher' [/home/jorbis/Documentos/GitHub/DAS/sources/common/vgaTextInterface.vhd:352]
INFO: [Synth 8-638] synthesizing module 'vgaRefresher' [/home/jorbis/Documentos/GitHub/DAS/sources/common/vgaRefresher.vhd:48]
	Parameter FREQ_DIV bound to: 4 - type: integer 
INFO: [Synth 8-256] done synthesizing module 'vgaRefresher' (0#1) [/home/jorbis/Documentos/GitHub/DAS/sources/common/vgaRefresher.vhd:48]
WARNING: [Synth 8-6044] Case expression and choice expression width mismatch, Case expression is 3 wide and choice expression is 8 wide [/home/jorbis/Documentos/GitHub/DAS/sources/common/vgaTextInterface.vhd:410]
WARNING: [Synth 8-6044] Case expression and choice expression width mismatch, Case expression is 3 wide and choice expression is 8 wide [/home/jorbis/Documentos/GitHub/DAS/sources/common/vgaTextInterface.vhd:409]
WARNING: [Synth 8-6044] Case expression and choice expression width mismatch, Case expression is 3 wide and choice expression is 8 wide [/home/jorbis/Documentos/GitHub/DAS/sources/common/vgaTextInterface.vhd:411]
WARNING: [Synth 8-153] case item 8'b01000010 will never be executed [/home/jorbis/Documentos/GitHub/DAS/sources/common/vgaTextInterface.vhd:407]
WARNING: [Synth 8-153] case item 8'b01111110 will never be executed [/home/jorbis/Documentos/GitHub/DAS/sources/common/vgaTextInterface.vhd:407]
INFO: [Synth 8-256] done synthesizing module 'vgaTextInterface' (0#1) [/home/jorbis/Documentos/GitHub/DAS/sources/common/vgaTextInterface.vhd:56]
WARNING: [Synth 8-614] signal 'RGBinterface' is read in the process but is not in the sensitivity list [/home/jorbis/Documentos/GitHub/DAS/sources/lab8/lab8.vhd:245]
INFO: [Synth 8-256] done synthesizing module 'lab8' (0#1) [/home/jorbis/Documentos/GitHub/DAS/sources/lab8/lab8.vhd:38]
WARNING: [Synth 8-6014] Unused sequential element bitMapLine_reg was removed.  [/home/jorbis/Documentos/GitHub/DAS/sources/common/vgaTextInterface.vhd:401]
WARNING: [Synth 8-6014] Unused sequential element ram_reg was removed. 
WARNING: [Synth 8-6014] Unused sequential element asciiCode_reg was removed.  [/home/jorbis/Documentos/GitHub/DAS/sources/common/vgaTextInterface.vhd:389]
WARNING: [Synth 8-6014] Unused sequential element clearX_reg was removed.  [/home/jorbis/Documentos/GitHub/DAS/sources/common/vgaTextInterface.vhd:370]
WARNING: [Synth 8-6014] Unused sequential element clearY_reg was removed.  [/home/jorbis/Documentos/GitHub/DAS/sources/common/vgaTextInterface.vhd:371]
WARNING: [Synth 8-6014] Unused sequential element shiftP_reg was removed.  [/home/jorbis/Documentos/GitHub/DAS/sources/lab8/lab8.vhd:163]
WARNING: [Synth 8-6014] Unused sequential element capsOn_reg was removed.  [/home/jorbis/Documentos/GitHub/DAS/sources/lab8/lab8.vhd:164]
WARNING: [Synth 8-7129] Port clear in module vgaTextInterface is either unconnected or has no load
WARNING: [Synth 8-7129] Port dataRdy in module vgaTextInterface is either unconnected or has no load
WARNING: [Synth 8-7129] Port char[7] in module vgaTextInterface is either unconnected or has no load
WARNING: [Synth 8-7129] Port char[6] in module vgaTextInterface is either unconnected or has no load
WARNING: [Synth 8-7129] Port char[5] in module vgaTextInterface is either unconnected or has no load
WARNING: [Synth 8-7129] Port char[4] in module vgaTextInterface is either unconnected or has no load
WARNING: [Synth 8-7129] Port char[3] in module vgaTextInterface is either unconnected or has no load
WARNING: [Synth 8-7129] Port char[2] in module vgaTextInterface is either unconnected or has no load
WARNING: [Synth 8-7129] Port char[1] in module vgaTextInterface is either unconnected or has no load
WARNING: [Synth 8-7129] Port char[0] in module vgaTextInterface is either unconnected or has no load
WARNING: [Synth 8-7129] Port x[6] in module vgaTextInterface is either unconnected or has no load
WARNING: [Synth 8-7129] Port x[5] in module vgaTextInterface is either unconnected or has no load
WARNING: [Synth 8-7129] Port x[4] in module vgaTextInterface is either unconnected or has no load
WARNING: [Synth 8-7129] Port x[3] in module vgaTextInterface is either unconnected or has no load
WARNING: [Synth 8-7129] Port x[2] in module vgaTextInterface is either unconnected or has no load
WARNING: [Synth 8-7129] Port x[1] in module vgaTextInterface is either unconnected or has no load
WARNING: [Synth 8-7129] Port x[0] in module vgaTextInterface is either unconnected or has no load
WARNING: [Synth 8-7129] Port y[4] in module vgaTextInterface is either unconnected or has no load
WARNING: [Synth 8-7129] Port y[3] in module vgaTextInterface is either unconnected or has no load
WARNING: [Synth 8-7129] Port y[2] in module vgaTextInterface is either unconnected or has no load
WARNING: [Synth 8-7129] Port y[1] in module vgaTextInterface is either unconnected or has no load
WARNING: [Synth 8-7129] Port y[0] in module vgaTextInterface is either unconnected or has no load
---------------------------------------------------------------------------------
Finished RTL Elaboration : Time (s): cpu = 00:00:03 ; elapsed = 00:00:04 . Memory (MB): peak = 2049.012 ; gain = 448.676 ; free physical = 8342 ; free virtual = 14575
---------------------------------------------------------------------------------
---------------------------------------------------------------------------------
Start Handling Custom Attributes
---------------------------------------------------------------------------------
---------------------------------------------------------------------------------
Finished Handling Custom Attributes : Time (s): cpu = 00:00:03 ; elapsed = 00:00:04 . Memory (MB): peak = 2063.855 ; gain = 463.520 ; free physical = 8330 ; free virtual = 14563
---------------------------------------------------------------------------------
---------------------------------------------------------------------------------
Finished RTL Optimization Phase 1 : Time (s): cpu = 00:00:03 ; elapsed = 00:00:04 . Memory (MB): peak = 2063.855 ; gain = 463.520 ; free physical = 8330 ; free virtual = 14563
---------------------------------------------------------------------------------
Netlist sorting complete. Time (s): cpu = 00:00:00 ; elapsed = 00:00:00 . Memory (MB): peak = 2063.855 ; gain = 0.000 ; free physical = 8330 ; free virtual = 14563
INFO: [Project 1-570] Preparing netlist for logic optimization

Processing XDC Constraints
Initializing timing engine
Parsing XDC File [/home/jorbis/Documentos/GitHub/DAS/sources/lab8/lab8.xdc]
Finished Parsing XDC File [/home/jorbis/Documentos/GitHub/DAS/sources/lab8/lab8.xdc]
INFO: [Project 1-236] Implementation specific constraints were found while reading constraint file [/home/jorbis/Documentos/GitHub/DAS/sources/lab8/lab8.xdc]. These constraints will be ignored for synthesis but will be used in implementation. Impacted constraints are listed in the file [.Xil/lab8_propImpl.xdc].
Resolution: To avoid this warning, move constraints listed in [.Xil/lab8_propImpl.xdc] to another XDC file and exclude this new file from synthesis with the used_in_synthesis property (File Properties dialog in GUI) and re-run elaboration/synthesis.
Completed Processing XDC Constraints

Netlist sorting complete. Time (s): cpu = 00:00:00 ; elapsed = 00:00:00 . Memory (MB): peak = 2209.605 ; gain = 0.000 ; free physical = 8246 ; free virtual = 14480
INFO: [Project 1-111] Unisim Transformation Summary:
No Unisim elements were transformed.

Constraint Validation Runtime : Time (s): cpu = 00:00:00 ; elapsed = 00:00:00 . Memory (MB): peak = 2209.605 ; gain = 0.000 ; free physical = 8246 ; free virtual = 14480
INFO: [Designutils 20-5440] No compile time benefit to using incremental synthesis; A full resynthesis will be run
INFO: [Designutils 20-4379] Flow is switching to default flow due to incremental criteria not met. If you would like to alter this behaviour and have the flow terminate instead, please set the following parameter config_implementation {autoIncr.Synth.RejectBehavior Terminate}
---------------------------------------------------------------------------------
Finished Constraint Validation : Time (s): cpu = 00:00:07 ; elapsed = 00:00:08 . Memory (MB): peak = 2209.605 ; gain = 609.270 ; free physical = 8246 ; free virtual = 14480
---------------------------------------------------------------------------------
---------------------------------------------------------------------------------
Start Loading Part and Timing Information
---------------------------------------------------------------------------------
Loading part: xc7a35tcpg236-1
---------------------------------------------------------------------------------
Finished Loading Part and Timing Information : Time (s): cpu = 00:00:07 ; elapsed = 00:00:08 . Memory (MB): peak = 2209.605 ; gain = 609.270 ; free physical = 8246 ; free virtual = 14480
---------------------------------------------------------------------------------
---------------------------------------------------------------------------------
Start Applying 'set_property' XDC Constraints
---------------------------------------------------------------------------------
---------------------------------------------------------------------------------
Finished applying 'set_property' XDC Constraints : Time (s): cpu = 00:00:07 ; elapsed = 00:00:08 . Memory (MB): peak = 2209.605 ; gain = 609.270 ; free physical = 8246 ; free virtual = 14480
---------------------------------------------------------------------------------
---------------------------------------------------------------------------------
Finished RTL Optimization Phase 2 : Time (s): cpu = 00:00:07 ; elapsed = 00:00:08 . Memory (MB): peak = 2209.605 ; gain = 609.270 ; free physical = 8245 ; free virtual = 14479
---------------------------------------------------------------------------------
---------------------------------------------------------------------------------
Start RTL Component Statistics 
---------------------------------------------------------------------------------
Detailed RTL Component Info : 
+---Adders : 
	   2 Input   10 Bit       Adders := 2     
	   2 Input    7 Bit       Adders := 1     
	   2 Input    5 Bit       Adders := 1     
	   2 Input    2 Bit       Adders := 1     
+---XORs : 
	   9 Input      1 Bit         XORs := 1     
+---Registers : 
	               12 Bit    Registers := 1     
	               11 Bit    Registers := 1     
	               10 Bit    Registers := 2     
	                8 Bit    Registers := 1     
	                7 Bit    Registers := 1     
	                5 Bit    Registers := 1     
	                4 Bit    Registers := 1     
	                2 Bit    Registers := 4     
	                1 Bit    Registers := 6     
+---Muxes : 
	   2 Input   12 Bit        Muxes := 1     
	   2 Input    8 Bit        Muxes := 1     
	   2 Input    4 Bit        Muxes := 3     
	   2 Input    1 Bit        Muxes := 9     
	   3 Input    1 Bit        Muxes := 1     
	   4 Input    1 Bit        Muxes := 3     
	   7 Input    1 Bit        Muxes := 3     
---------------------------------------------------------------------------------
Finished RTL Component Statistics 
---------------------------------------------------------------------------------
---------------------------------------------------------------------------------
Start Part Resource Summary
---------------------------------------------------------------------------------
Part Resources:
DSPs: 90 (col length:60)
BRAMs: 100 (col length: RAMB18 60 RAMB36 30)
---------------------------------------------------------------------------------
Finished Part Resource Summary
---------------------------------------------------------------------------------
---------------------------------------------------------------------------------
Start Cross Boundary and Area Optimization
---------------------------------------------------------------------------------
WARNING: [Synth 8-7080] Parallel synthesis criteria is not met
---------------------------------------------------------------------------------
Finished Cross Boundary and Area Optimization : Time (s): cpu = 00:00:08 ; elapsed = 00:00:09 . Memory (MB): peak = 2209.605 ; gain = 609.270 ; free physical = 8241 ; free virtual = 14479
---------------------------------------------------------------------------------
---------------------------------------------------------------------------------
Start Applying XDC Timing Constraints
---------------------------------------------------------------------------------
---------------------------------------------------------------------------------
Finished Applying XDC Timing Constraints : Time (s): cpu = 00:00:11 ; elapsed = 00:00:11 . Memory (MB): peak = 2209.605 ; gain = 609.270 ; free physical = 8241 ; free virtual = 14479
---------------------------------------------------------------------------------
---------------------------------------------------------------------------------
Start Timing Optimization
---------------------------------------------------------------------------------
---------------------------------------------------------------------------------
Finished Timing Optimization : Time (s): cpu = 00:00:11 ; elapsed = 00:00:12 . Memory (MB): peak = 2209.605 ; gain = 609.270 ; free physical = 8241 ; free virtual = 14479
---------------------------------------------------------------------------------
---------------------------------------------------------------------------------
Start Technology Mapping
---------------------------------------------------------------------------------
INFO: [Synth 8-5966] Removing register instance (clear_reg__0) from module (lab8) as it has self-loop and (clear_reg__1) is actual driver [/home/jorbis/Documentos/GitHub/DAS/sources/lab8/lab8.vhd:208]
INFO: [Synth 8-5966] Removing register instance (clear_reg) from module (lab8) as it has self-loop and (clear_reg__1) is actual driver [/home/jorbis/Documentos/GitHub/DAS/sources/lab8/lab8.vhd:225]
---------------------------------------------------------------------------------
Finished Technology Mapping : Time (s): cpu = 00:00:11 ; elapsed = 00:00:12 . Memory (MB): peak = 2209.605 ; gain = 609.270 ; free physical = 8241 ; free virtual = 14479
---------------------------------------------------------------------------------
---------------------------------------------------------------------------------
Start IO Insertion
---------------------------------------------------------------------------------
---------------------------------------------------------------------------------
Start Flattening Before IO Insertion
---------------------------------------------------------------------------------
---------------------------------------------------------------------------------
Finished Flattening Before IO Insertion
---------------------------------------------------------------------------------
---------------------------------------------------------------------------------
Start Final Netlist Cleanup
---------------------------------------------------------------------------------
---------------------------------------------------------------------------------
Finished Final Netlist Cleanup
---------------------------------------------------------------------------------
---------------------------------------------------------------------------------
Finished IO Insertion : Time (s): cpu = 00:00:14 ; elapsed = 00:00:14 . Memory (MB): peak = 2209.605 ; gain = 609.270 ; free physical = 8242 ; free virtual = 14480
---------------------------------------------------------------------------------
---------------------------------------------------------------------------------
Start Renaming Generated Instances
---------------------------------------------------------------------------------
---------------------------------------------------------------------------------
Finished Renaming Generated Instances : Time (s): cpu = 00:00:14 ; elapsed = 00:00:14 . Memory (MB): peak = 2209.605 ; gain = 609.270 ; free physical = 8242 ; free virtual = 14480
---------------------------------------------------------------------------------
---------------------------------------------------------------------------------
Start Rebuilding User Hierarchy
---------------------------------------------------------------------------------
---------------------------------------------------------------------------------
Finished Rebuilding User Hierarchy : Time (s): cpu = 00:00:14 ; elapsed = 00:00:14 . Memory (MB): peak = 2209.605 ; gain = 609.270 ; free physical = 8242 ; free virtual = 14480
---------------------------------------------------------------------------------
---------------------------------------------------------------------------------
Start Renaming Generated Ports
---------------------------------------------------------------------------------
---------------------------------------------------------------------------------
Finished Renaming Generated Ports : Time (s): cpu = 00:00:14 ; elapsed = 00:00:14 . Memory (MB): peak = 2209.605 ; gain = 609.270 ; free physical = 8242 ; free virtual = 14480
---------------------------------------------------------------------------------
---------------------------------------------------------------------------------
Start Handling Custom Attributes
---------------------------------------------------------------------------------
---------------------------------------------------------------------------------
Finished Handling Custom Attributes : Time (s): cpu = 00:00:14 ; elapsed = 00:00:14 . Memory (MB): peak = 2209.605 ; gain = 609.270 ; free physical = 8242 ; free virtual = 14480
---------------------------------------------------------------------------------
---------------------------------------------------------------------------------
Start Renaming Generated Nets
---------------------------------------------------------------------------------
---------------------------------------------------------------------------------
Finished Renaming Generated Nets : Time (s): cpu = 00:00:14 ; elapsed = 00:00:14 . Memory (MB): peak = 2209.605 ; gain = 609.270 ; free physical = 8242 ; free virtual = 14480
---------------------------------------------------------------------------------
---------------------------------------------------------------------------------
Start ROM, RAM, DSP, Shift Register and Retiming Reporting
---------------------------------------------------------------------------------

Static Shift Register Report:
+------------+----------------------------------------------------+--------+-------+--------------+--------------------+-------------------+--------+---------+
|Module Name | RTL Name                                           | Length | Width | Reset Signal | Pull out first Reg | Pull out last Reg | SRL16E | SRLC32E | 
+------------+----------------------------------------------------+--------+-------+--------------+--------------------+-------------------+--------+---------+
|lab8        | ps2KeyboardInterface/ps2ClkEdgeDetector/aux_reg[0] | 5      | 1     | NO           | YES                | YES               | 1      | 0       | 
+------------+----------------------------------------------------+--------+-------+--------------+--------------------+-------------------+--------+---------+

---------------------------------------------------------------------------------
Finished ROM, RAM, DSP, Shift Register and Retiming Reporting
---------------------------------------------------------------------------------
---------------------------------------------------------------------------------
Start Writing Synthesis Report
---------------------------------------------------------------------------------

Report BlackBoxes: 
+-+--------------+----------+
| |BlackBox name |Instances |
+-+--------------+----------+
+-+--------------+----------+

Report Cell Usage: 
+------+-------+------+
|      |Cell   |Count |
+------+-------+------+
|1     |BUFG   |     1|
|2     |LUT1   |     4|
|3     |LUT2   |     9|
|4     |LUT3   |     7|
|5     |LUT4   |    12|
|6     |LUT5   |    13|
|7     |LUT6   |    33|
|8     |SRL16E |     1|
|9     |FDRE   |    54|
|10    |FDSE   |    13|
|11    |IBUF   |     4|
|12    |OBUF   |    14|
+------+-------+------+
---------------------------------------------------------------------------------
Finished Writing Synthesis Report : Time (s): cpu = 00:00:14 ; elapsed = 00:00:14 . Memory (MB): peak = 2209.605 ; gain = 609.270 ; free physical = 8242 ; free virtual = 14480
---------------------------------------------------------------------------------
Synthesis finished with 0 errors, 0 critical warnings and 1 warnings.
Synthesis Optimization Runtime : Time (s): cpu = 00:00:13 ; elapsed = 00:00:13 . Memory (MB): peak = 2209.605 ; gain = 463.520 ; free physical = 8242 ; free virtual = 14480
Synthesis Optimization Complete : Time (s): cpu = 00:00:14 ; elapsed = 00:00:14 . Memory (MB): peak = 2209.605 ; gain = 609.270 ; free physical = 8242 ; free virtual = 14480
INFO: [Project 1-571] Translating synthesized netlist
Netlist sorting complete. Time (s): cpu = 00:00:00 ; elapsed = 00:00:00 . Memory (MB): peak = 2209.605 ; gain = 0.000 ; free physical = 8532 ; free virtual = 14770
INFO: [Project 1-570] Preparing netlist for logic optimization
INFO: [Opt 31-138] Pushed 0 inverter(s) to 0 load pin(s).
Netlist sorting complete. Time (s): cpu = 00:00:00 ; elapsed = 00:00:00 . Memory (MB): peak = 2209.605 ; gain = 0.000 ; free physical = 8529 ; free virtual = 14767
INFO: [Project 1-111] Unisim Transformation Summary:
No Unisim elements were transformed.

Synth Design complete | Checksum: 7b9841
INFO: [Common 17-83] Releasing license: Synthesis
42 Infos, 36 Warnings, 0 Critical Warnings and 0 Errors encountered.
synth_design completed successfully
synth_design: Time (s): cpu = 00:00:18 ; elapsed = 00:00:17 . Memory (MB): peak = 2209.605 ; gain = 930.340 ; free physical = 8529 ; free virtual = 14767
INFO: [Common 17-2834] synth_design peak Physical Memory [PSS] (MB): overall = 1829.729; main = 1501.622; forked = 379.919
INFO: [Common 17-2834] synth_design peak Virtual Memory [VSS] (MB): overall = 3155.406; main = 2209.609; forked = 977.812
INFO: [Common 17-1381] The checkpoint '/home/jorbis/Documentos/GitHub/DAS/projects/lab8c/lab8c.runs/synth_1/lab8.dcp' has been generated.
INFO: [runtcl-4] Executing : report_utilization -file lab8_utilization_synth.rpt -pb lab8_utilization_synth.pb
INFO: [Common 17-206] Exiting Vivado at Mon May  6 21:05:19 2024...
