
*** Running vivado
    with args -log lab6pong.vds -m64 -product Vivado -mode batch -messageDb vivado.pb -notrace -source lab6pong.tcl


****** Vivado v2023.1 (64-bit)
  **** SW Build 3865809 on Sun May  7 15:04:56 MDT 2023
  **** IP Build 3864474 on Sun May  7 20:36:21 MDT 2023
  **** SharedData Build 3865790 on Sun May 07 13:33:03 MDT 2023
    ** Copyright 1986-2022 Xilinx, Inc. All Rights Reserved.
    ** Copyright 2022-2023 Advanced Micro Devices, Inc. All Rights Reserved.

source lab6pong.tcl -notrace
Command: read_checkpoint -auto_incremental -incremental /home/alv/Desktop/uni/DAS/projects/lab6pong/lab6pong.srcs/utils_1/imports/synth_1/lab6pong.dcp
INFO: [Vivado 12-5825] Read reference checkpoint from /home/alv/Desktop/uni/DAS/projects/lab6pong/lab6pong.srcs/utils_1/imports/synth_1/lab6pong.dcp for incremental synthesis
INFO: [Vivado 12-7989] Please ensure there are no constraint changes
Command: synth_design -top lab6pong -part xc7a35tcpg236-1
Starting synth_design
Attempting to get a license for feature 'Synthesis' and/or device 'xc7a35t'
INFO: [Common 17-349] Got license for feature 'Synthesis' and/or device 'xc7a35t'
INFO: [Device 21-403] Loading part xc7a35tcpg236-1
INFO: [Designutils 20-5440] No compile time benefit to using incremental synthesis; A full resynthesis will be run
INFO: [Designutils 20-4379] Flow is switching to default flow due to incremental criteria not met. If you would like to alter this behaviour and have the flow terminate instead, please set the following parameter config_implementation {autoIncr.Synth.RejectBehavior Terminate}
INFO: [Synth 8-7079] Multithreading enabled for synth_design using a maximum of 4 processes.
INFO: [Synth 8-7078] Launching helper process for spawning children vivado processes
INFO: [Synth 8-7075] Helper process launched with PID 64614
---------------------------------------------------------------------------------
Starting RTL Elaboration : Time (s): cpu = 00:00:02 ; elapsed = 00:00:03 . Memory (MB): peak = 1979.695 ; gain = 378.770 ; free physical = 6352 ; free virtual = 11982
---------------------------------------------------------------------------------
INFO: [Synth 8-638] synthesizing module 'lab6pong' [/home/alv/Desktop/uni/DAS/sources/lab6pong/lab6pong.vhd:38]
	Parameter STAGES bound to: 2 - type: integer 
	Parameter XPOL bound to: 1'b0 
INFO: [Synth 8-3491] module 'synchronizer' declared at '/home/alv/Desktop/uni/DAS/sources/common/synchronizer.vhd:21' bound to instance 'rstSynchronizer' of component 'synchronizer' [/home/alv/Desktop/uni/DAS/sources/lab6pong/lab6pong.vhd:64]
INFO: [Synth 8-638] synthesizing module 'synchronizer' [/home/alv/Desktop/uni/DAS/sources/common/synchronizer.vhd:35]
	Parameter STAGES bound to: 2 - type: integer 
	Parameter XPOL bound to: 1'b0 
INFO: [Synth 8-256] done synthesizing module 'synchronizer' (0#1) [/home/alv/Desktop/uni/DAS/sources/common/synchronizer.vhd:35]
INFO: [Synth 8-3491] module 'ps2receiver' declared at '/home/alv/Desktop/uni/DAS/sources/common/ps2receiver.vhd:21' bound to instance 'ps2KeyboardInterface' of component 'ps2receiver' [/home/alv/Desktop/uni/DAS/sources/lab6pong/lab6pong.vhd:70]
INFO: [Synth 8-638] synthesizing module 'ps2receiver' [/home/alv/Desktop/uni/DAS/sources/common/ps2receiver.vhd:38]
	Parameter STAGES bound to: 4 - type: integer 
	Parameter XPOL bound to: 1'b0 
INFO: [Synth 8-3491] module 'synchronizer' declared at '/home/alv/Desktop/uni/DAS/sources/common/synchronizer.vhd:21' bound to instance 'ps2ClkSynchronizer' of component 'synchronizer' [/home/alv/Desktop/uni/DAS/sources/common/ps2receiver.vhd:48]
INFO: [Synth 8-638] synthesizing module 'synchronizer__parameterized1' [/home/alv/Desktop/uni/DAS/sources/common/synchronizer.vhd:35]
	Parameter STAGES bound to: 4 - type: integer 
	Parameter XPOL bound to: 1'b0 
INFO: [Synth 8-256] done synthesizing module 'synchronizer__parameterized1' (0#1) [/home/alv/Desktop/uni/DAS/sources/common/synchronizer.vhd:35]
	Parameter STAGES bound to: 2 - type: integer 
	Parameter XPOL bound to: 1'b0 
INFO: [Synth 8-3491] module 'synchronizer' declared at '/home/alv/Desktop/uni/DAS/sources/common/synchronizer.vhd:21' bound to instance 'ps2DataSynchronizer' of component 'synchronizer' [/home/alv/Desktop/uni/DAS/sources/common/ps2receiver.vhd:52]
	Parameter XPOL bound to: 1'b0 
INFO: [Synth 8-3491] module 'edgeDetector' declared at '/home/alv/Desktop/uni/DAS/sources/common/edgeDetector.vhd:21' bound to instance 'ps2ClkEdgeDetector' of component 'edgeDetector' [/home/alv/Desktop/uni/DAS/sources/common/ps2receiver.vhd:56]
INFO: [Synth 8-638] synthesizing module 'edgeDetector' [/home/alv/Desktop/uni/DAS/sources/common/edgeDetector.vhd:35]
	Parameter XPOL bound to: 1'b0 
INFO: [Synth 8-256] done synthesizing module 'edgeDetector' (0#1) [/home/alv/Desktop/uni/DAS/sources/common/edgeDetector.vhd:35]
INFO: [Synth 8-256] done synthesizing module 'ps2receiver' (0#1) [/home/alv/Desktop/uni/DAS/sources/common/ps2receiver.vhd:38]
	Parameter FREQ_DIV bound to: 4 - type: integer 
INFO: [Synth 8-3491] module 'vgaRefresher' declared at '/home/alv/Desktop/uni/DAS/sources/common/vgaRefresher.vhd:23' bound to instance 'screenInteface' of component 'vgaRefresher' [/home/alv/Desktop/uni/DAS/sources/lab6pong/lab6pong.vhd:110]
INFO: [Synth 8-638] synthesizing module 'vgaRefresher' [/home/alv/Desktop/uni/DAS/sources/common/vgaRefresher.vhd:48]
	Parameter FREQ_DIV bound to: 4 - type: integer 
INFO: [Synth 8-256] done synthesizing module 'vgaRefresher' (0#1) [/home/alv/Desktop/uni/DAS/sources/common/vgaRefresher.vhd:48]
INFO: [Synth 8-256] done synthesizing module 'lab6pong' (0#1) [/home/alv/Desktop/uni/DAS/sources/lab6pong/lab6pong.vhd:38]
---------------------------------------------------------------------------------
Finished RTL Elaboration : Time (s): cpu = 00:00:03 ; elapsed = 00:00:04 . Memory (MB): peak = 2048.664 ; gain = 447.738 ; free physical = 6276 ; free virtual = 11905
---------------------------------------------------------------------------------
---------------------------------------------------------------------------------
Start Handling Custom Attributes
---------------------------------------------------------------------------------
---------------------------------------------------------------------------------
Finished Handling Custom Attributes : Time (s): cpu = 00:00:03 ; elapsed = 00:00:04 . Memory (MB): peak = 2066.477 ; gain = 465.551 ; free physical = 6268 ; free virtual = 11897
---------------------------------------------------------------------------------
---------------------------------------------------------------------------------
Finished RTL Optimization Phase 1 : Time (s): cpu = 00:00:03 ; elapsed = 00:00:04 . Memory (MB): peak = 2066.477 ; gain = 465.551 ; free physical = 6268 ; free virtual = 11897
---------------------------------------------------------------------------------
Netlist sorting complete. Time (s): cpu = 00:00:00 ; elapsed = 00:00:00 . Memory (MB): peak = 2066.477 ; gain = 0.000 ; free physical = 6268 ; free virtual = 11897
INFO: [Project 1-570] Preparing netlist for logic optimization

Processing XDC Constraints
Initializing timing engine
Parsing XDC File [/home/alv/Desktop/uni/DAS/sources/lab6pong/lab6pong.xdc]
Finished Parsing XDC File [/home/alv/Desktop/uni/DAS/sources/lab6pong/lab6pong.xdc]
INFO: [Project 1-236] Implementation specific constraints were found while reading constraint file [/home/alv/Desktop/uni/DAS/sources/lab6pong/lab6pong.xdc]. These constraints will be ignored for synthesis but will be used in implementation. Impacted constraints are listed in the file [.Xil/lab6pong_propImpl.xdc].
Resolution: To avoid this warning, move constraints listed in [.Xil/lab6pong_propImpl.xdc] to another XDC file and exclude this new file from synthesis with the used_in_synthesis property (File Properties dialog in GUI) and re-run elaboration/synthesis.
Completed Processing XDC Constraints

Netlist sorting complete. Time (s): cpu = 00:00:00 ; elapsed = 00:00:00 . Memory (MB): peak = 2210.227 ; gain = 0.000 ; free physical = 6179 ; free virtual = 11808
INFO: [Project 1-111] Unisim Transformation Summary:
No Unisim elements were transformed.

Constraint Validation Runtime : Time (s): cpu = 00:00:00 ; elapsed = 00:00:00 . Memory (MB): peak = 2210.227 ; gain = 0.000 ; free physical = 6179 ; free virtual = 11808
INFO: [Designutils 20-5440] No compile time benefit to using incremental synthesis; A full resynthesis will be run
INFO: [Designutils 20-4379] Flow is switching to default flow due to incremental criteria not met. If you would like to alter this behaviour and have the flow terminate instead, please set the following parameter config_implementation {autoIncr.Synth.RejectBehavior Terminate}
---------------------------------------------------------------------------------
Finished Constraint Validation : Time (s): cpu = 00:00:07 ; elapsed = 00:00:08 . Memory (MB): peak = 2210.227 ; gain = 609.301 ; free physical = 6190 ; free virtual = 11809
---------------------------------------------------------------------------------
---------------------------------------------------------------------------------
Start Loading Part and Timing Information
---------------------------------------------------------------------------------
Loading part: xc7a35tcpg236-1
---------------------------------------------------------------------------------
Finished Loading Part and Timing Information : Time (s): cpu = 00:00:07 ; elapsed = 00:00:08 . Memory (MB): peak = 2210.227 ; gain = 609.301 ; free physical = 6190 ; free virtual = 11809
---------------------------------------------------------------------------------
---------------------------------------------------------------------------------
Start Applying 'set_property' XDC Constraints
---------------------------------------------------------------------------------
---------------------------------------------------------------------------------
Finished applying 'set_property' XDC Constraints : Time (s): cpu = 00:00:07 ; elapsed = 00:00:08 . Memory (MB): peak = 2210.227 ; gain = 609.301 ; free physical = 6190 ; free virtual = 11809
---------------------------------------------------------------------------------
---------------------------------------------------------------------------------
Finished RTL Optimization Phase 2 : Time (s): cpu = 00:00:08 ; elapsed = 00:00:08 . Memory (MB): peak = 2210.227 ; gain = 609.301 ; free physical = 6188 ; free virtual = 11808
---------------------------------------------------------------------------------
---------------------------------------------------------------------------------
Start RTL Component Statistics 
---------------------------------------------------------------------------------
Detailed RTL Component Info : 
+---Adders : 
	   2 Input   21 Bit       Adders := 1     
	   2 Input   10 Bit       Adders := 2     
	   2 Input    8 Bit       Adders := 6     
	   2 Input    2 Bit       Adders := 1     
+---XORs : 
	   9 Input      1 Bit         XORs := 1     
+---Registers : 
	               21 Bit    Registers := 1     
	               12 Bit    Registers := 1     
	               11 Bit    Registers := 1     
	               10 Bit    Registers := 2     
	                8 Bit    Registers := 5     
	                4 Bit    Registers := 1     
	                2 Bit    Registers := 4     
	                1 Bit    Registers := 12    
+---Muxes : 
	   2 Input    4 Bit        Muxes := 3     
	   2 Input    2 Bit        Muxes := 2     
	   2 Input    1 Bit        Muxes := 14    
	   3 Input    1 Bit        Muxes := 2     
	   6 Input    1 Bit        Muxes := 6     
	   8 Input    1 Bit        Muxes := 6     
---------------------------------------------------------------------------------
Finished RTL Component Statistics 
---------------------------------------------------------------------------------
---------------------------------------------------------------------------------
Start Part Resource Summary
---------------------------------------------------------------------------------
Part Resources:
DSPs: 90 (col length:60)
BRAMs: 100 (col length: RAMB18 60 RAMB36 30)
---------------------------------------------------------------------------------
Finished Part Resource Summary
---------------------------------------------------------------------------------
---------------------------------------------------------------------------------
Start Cross Boundary and Area Optimization
---------------------------------------------------------------------------------
WARNING: [Synth 8-7080] Parallel synthesis criteria is not met
---------------------------------------------------------------------------------
Finished Cross Boundary and Area Optimization : Time (s): cpu = 00:00:09 ; elapsed = 00:00:10 . Memory (MB): peak = 2210.227 ; gain = 609.301 ; free physical = 6185 ; free virtual = 11810
---------------------------------------------------------------------------------
---------------------------------------------------------------------------------
Start Applying XDC Timing Constraints
---------------------------------------------------------------------------------
---------------------------------------------------------------------------------
Finished Applying XDC Timing Constraints : Time (s): cpu = 00:00:12 ; elapsed = 00:00:13 . Memory (MB): peak = 2210.227 ; gain = 609.301 ; free physical = 6183 ; free virtual = 11807
---------------------------------------------------------------------------------
---------------------------------------------------------------------------------
Start Timing Optimization
---------------------------------------------------------------------------------
---------------------------------------------------------------------------------
Finished Timing Optimization : Time (s): cpu = 00:00:13 ; elapsed = 00:00:13 . Memory (MB): peak = 2210.227 ; gain = 609.301 ; free physical = 6183 ; free virtual = 11807
---------------------------------------------------------------------------------
---------------------------------------------------------------------------------
Start Technology Mapping
---------------------------------------------------------------------------------
---------------------------------------------------------------------------------
Finished Technology Mapping : Time (s): cpu = 00:00:13 ; elapsed = 00:00:13 . Memory (MB): peak = 2210.227 ; gain = 609.301 ; free physical = 6183 ; free virtual = 11807
---------------------------------------------------------------------------------
---------------------------------------------------------------------------------
Start IO Insertion
---------------------------------------------------------------------------------
---------------------------------------------------------------------------------
Start Flattening Before IO Insertion
---------------------------------------------------------------------------------
---------------------------------------------------------------------------------
Finished Flattening Before IO Insertion
---------------------------------------------------------------------------------
---------------------------------------------------------------------------------
Start Final Netlist Cleanup
---------------------------------------------------------------------------------
---------------------------------------------------------------------------------
Finished Final Netlist Cleanup
---------------------------------------------------------------------------------
---------------------------------------------------------------------------------
Finished IO Insertion : Time (s): cpu = 00:00:15 ; elapsed = 00:00:16 . Memory (MB): peak = 2210.227 ; gain = 609.301 ; free physical = 6183 ; free virtual = 11807
---------------------------------------------------------------------------------
---------------------------------------------------------------------------------
Start Renaming Generated Instances
---------------------------------------------------------------------------------
---------------------------------------------------------------------------------
Finished Renaming Generated Instances : Time (s): cpu = 00:00:15 ; elapsed = 00:00:16 . Memory (MB): peak = 2210.227 ; gain = 609.301 ; free physical = 6183 ; free virtual = 11807
---------------------------------------------------------------------------------
---------------------------------------------------------------------------------
Start Rebuilding User Hierarchy
---------------------------------------------------------------------------------
---------------------------------------------------------------------------------
Finished Rebuilding User Hierarchy : Time (s): cpu = 00:00:15 ; elapsed = 00:00:16 . Memory (MB): peak = 2210.227 ; gain = 609.301 ; free physical = 6183 ; free virtual = 11807
---------------------------------------------------------------------------------
---------------------------------------------------------------------------------
Start Renaming Generated Ports
---------------------------------------------------------------------------------
---------------------------------------------------------------------------------
Finished Renaming Generated Ports : Time (s): cpu = 00:00:15 ; elapsed = 00:00:16 . Memory (MB): peak = 2210.227 ; gain = 609.301 ; free physical = 6183 ; free virtual = 11807
---------------------------------------------------------------------------------
---------------------------------------------------------------------------------
Start Handling Custom Attributes
---------------------------------------------------------------------------------
---------------------------------------------------------------------------------
Finished Handling Custom Attributes : Time (s): cpu = 00:00:16 ; elapsed = 00:00:16 . Memory (MB): peak = 2210.227 ; gain = 609.301 ; free physical = 6183 ; free virtual = 11807
---------------------------------------------------------------------------------
---------------------------------------------------------------------------------
Start Renaming Generated Nets
---------------------------------------------------------------------------------
---------------------------------------------------------------------------------
Finished Renaming Generated Nets : Time (s): cpu = 00:00:16 ; elapsed = 00:00:16 . Memory (MB): peak = 2210.227 ; gain = 609.301 ; free physical = 6183 ; free virtual = 11807
---------------------------------------------------------------------------------
---------------------------------------------------------------------------------
Start ROM, RAM, DSP, Shift Register and Retiming Reporting
---------------------------------------------------------------------------------

Static Shift Register Report:
+------------+----------------------------------------------------+--------+-------+--------------+--------------------+-------------------+--------+---------+
|Module Name | RTL Name                                           | Length | Width | Reset Signal | Pull out first Reg | Pull out last Reg | SRL16E | SRLC32E | 
+------------+----------------------------------------------------+--------+-------+--------------+--------------------+-------------------+--------+---------+
|lab6pong    | ps2KeyboardInterface/ps2ClkEdgeDetector/aux_reg[0] | 5      | 1     | NO           | YES                | YES               | 1      | 0       | 
+------------+----------------------------------------------------+--------+-------+--------------+--------------------+-------------------+--------+---------+

---------------------------------------------------------------------------------
Finished ROM, RAM, DSP, Shift Register and Retiming Reporting
---------------------------------------------------------------------------------
---------------------------------------------------------------------------------
Start Writing Synthesis Report
---------------------------------------------------------------------------------

Report BlackBoxes: 
+-+--------------+----------+
| |BlackBox name |Instances |
+-+--------------+----------+
+-+--------------+----------+

Report Cell Usage: 
+------+-------+------+
|      |Cell   |Count |
+------+-------+------+
|1     |BUFG   |     1|
|2     |CARRY4 |    31|
|3     |LUT1   |    36|
|4     |LUT2   |    44|
|5     |LUT3   |    18|
|6     |LUT4   |    75|
|7     |LUT5   |    18|
|8     |LUT6   |    66|
|9     |SRL16E |     1|
|10    |FDRE   |    90|
|11    |FDSE   |    24|
|12    |IBUF   |     4|
|13    |OBUF   |    14|
+------+-------+------+
---------------------------------------------------------------------------------
Finished Writing Synthesis Report : Time (s): cpu = 00:00:16 ; elapsed = 00:00:16 . Memory (MB): peak = 2210.227 ; gain = 609.301 ; free physical = 6183 ; free virtual = 11807
---------------------------------------------------------------------------------
Synthesis finished with 0 errors, 0 critical warnings and 1 warnings.
Synthesis Optimization Runtime : Time (s): cpu = 00:00:15 ; elapsed = 00:00:15 . Memory (MB): peak = 2210.227 ; gain = 465.551 ; free physical = 6183 ; free virtual = 11807
Synthesis Optimization Complete : Time (s): cpu = 00:00:16 ; elapsed = 00:00:16 . Memory (MB): peak = 2210.227 ; gain = 609.301 ; free physical = 6183 ; free virtual = 11807
INFO: [Project 1-571] Translating synthesized netlist
Netlist sorting complete. Time (s): cpu = 00:00:00.01 ; elapsed = 00:00:00 . Memory (MB): peak = 2210.227 ; gain = 0.000 ; free physical = 6476 ; free virtual = 12100
INFO: [Netlist 29-17] Analyzing 31 Unisim elements for replacement
INFO: [Netlist 29-28] Unisim Transformation completed in 0 CPU seconds
INFO: [Project 1-570] Preparing netlist for logic optimization
INFO: [Opt 31-138] Pushed 0 inverter(s) to 0 load pin(s).
Netlist sorting complete. Time (s): cpu = 00:00:00 ; elapsed = 00:00:00 . Memory (MB): peak = 2210.227 ; gain = 0.000 ; free physical = 6474 ; free virtual = 12098
INFO: [Project 1-111] Unisim Transformation Summary:
No Unisim elements were transformed.

Synth Design complete | Checksum: 1e6f2d3c
INFO: [Common 17-83] Releasing license: Synthesis
39 Infos, 1 Warnings, 0 Critical Warnings and 0 Errors encountered.
synth_design completed successfully
synth_design: Time (s): cpu = 00:00:20 ; elapsed = 00:00:18 . Memory (MB): peak = 2210.227 ; gain = 932.340 ; free physical = 6474 ; free virtual = 12098
INFO: [Common 17-2834] synth_design peak Physical Memory [PSS] (MB): overall = 1825.694; main = 1495.976; forked = 377.884
INFO: [Common 17-2834] synth_design peak Virtual Memory [VSS] (MB): overall = 3147.504; main = 2210.227; forked = 969.293
INFO: [Common 17-1381] The checkpoint '/home/alv/Desktop/uni/DAS/projects/lab6pong/lab6pong.runs/synth_1/lab6pong.dcp' has been generated.
INFO: [runtcl-4] Executing : report_utilization -file lab6pong_utilization_synth.rpt -pb lab6pong_utilization_synth.pb
INFO: [Common 17-206] Exiting Vivado at Fri Apr 26 13:31:01 2024...
