
*** Running vivado
    with args -log proyecto.vds -m64 -product Vivado -mode batch -messageDb vivado.pb -notrace -source proyecto.tcl


ECHO est  desactivado.
ECHO est  desactivado.

****** Vivado v2023.1 (64-bit)
  **** SW Build 3865809 on Sun May  7 15:05:29 MDT 2023
  **** IP Build 3864474 on Sun May  7 20:36:21 MDT 2023
  **** SharedData Build 3865790 on Sun May 07 13:33:03 MDT 2023
    ** Copyright 1986-2022 Xilinx, Inc. All Rights Reserved.
    ** Copyright 2022-2023 Advanced Micro Devices, Inc. All Rights Reserved.

source proyecto.tcl -notrace
Command: read_checkpoint -auto_incremental -incremental {C:/Users/Javier Orbis/OneDrive/Documentos/Github/DAS/projects/proyecto/proyecto.srcs/utils_1/imports/synth_1/lab6pong.dcp}
INFO: [Vivado 12-5825] Read reference checkpoint from C:/Users/Javier Orbis/OneDrive/Documentos/Github/DAS/projects/proyecto/proyecto.srcs/utils_1/imports/synth_1/lab6pong.dcp for incremental synthesis
INFO: [Vivado 12-7989] Please ensure there are no constraint changes
Command: synth_design -top proyecto -part xc7a35tcpg236-1
Starting synth_design
Attempting to get a license for feature 'Synthesis' and/or device 'xc7a35t'
INFO: [Common 17-349] Got license for feature 'Synthesis' and/or device 'xc7a35t'
INFO: [Device 21-403] Loading part xc7a35tcpg236-1
INFO: [Designutils 20-5440] No compile time benefit to using incremental synthesis; A full resynthesis will be run
INFO: [Designutils 20-4379] Flow is switching to default flow due to incremental criteria not met. If you would like to alter this behaviour and have the flow terminate instead, please set the following parameter config_implementation {autoIncr.Synth.RejectBehavior Terminate}
INFO: [Synth 8-7079] Multithreading enabled for synth_design using a maximum of 2 processes.
INFO: [Synth 8-7078] Launching helper process for spawning children vivado processes
INFO: [Synth 8-7075] Helper process launched with PID 18272
---------------------------------------------------------------------------------
Starting RTL Elaboration : Time (s): cpu = 00:00:03 ; elapsed = 00:00:04 . Memory (MB): peak = 1253.461 ; gain = 412.902
---------------------------------------------------------------------------------
INFO: [Synth 8-638] synthesizing module 'proyecto' [C:/Users/Javier Orbis/OneDrive/Documentos/Github/DAS/sources/proyecto/proyecto.vhd:22]
	Parameter STAGES bound to: 2 - type: integer 
	Parameter XPOL bound to: 1'b0 
INFO: [Synth 8-3491] module 'synchronizer' declared at 'C:/Users/Javier Orbis/OneDrive/Documentos/Github/DAS/sources/common/synchronizer.vhd:21' bound to instance 'rstSynchronizer' of component 'synchronizer' [C:/Users/Javier Orbis/OneDrive/Documentos/Github/DAS/sources/proyecto/proyecto.vhd:89]
INFO: [Synth 8-638] synthesizing module 'synchronizer' [C:/Users/Javier Orbis/OneDrive/Documentos/Github/DAS/sources/common/synchronizer.vhd:35]
	Parameter STAGES bound to: 2 - type: integer 
	Parameter XPOL bound to: 1'b0 
INFO: [Synth 8-256] done synthesizing module 'synchronizer' (0#1) [C:/Users/Javier Orbis/OneDrive/Documentos/Github/DAS/sources/common/synchronizer.vhd:35]
INFO: [Synth 8-3491] module 'ps2receiver' declared at 'C:/Users/Javier Orbis/OneDrive/Documentos/Github/DAS/sources/common/ps2receiver.vhd:21' bound to instance 'ps2KeyboardInterface' of component 'ps2receiver' [C:/Users/Javier Orbis/OneDrive/Documentos/Github/DAS/sources/proyecto/proyecto.vhd:95]
INFO: [Synth 8-638] synthesizing module 'ps2receiver' [C:/Users/Javier Orbis/OneDrive/Documentos/Github/DAS/sources/common/ps2receiver.vhd:38]
	Parameter STAGES bound to: 4 - type: integer 
	Parameter XPOL bound to: 1'b0 
INFO: [Synth 8-3491] module 'synchronizer' declared at 'C:/Users/Javier Orbis/OneDrive/Documentos/Github/DAS/sources/common/synchronizer.vhd:21' bound to instance 'ps2ClkSynchronizer' of component 'synchronizer' [C:/Users/Javier Orbis/OneDrive/Documentos/Github/DAS/sources/common/ps2receiver.vhd:48]
INFO: [Synth 8-638] synthesizing module 'synchronizer__parameterized1' [C:/Users/Javier Orbis/OneDrive/Documentos/Github/DAS/sources/common/synchronizer.vhd:35]
	Parameter STAGES bound to: 4 - type: integer 
	Parameter XPOL bound to: 1'b0 
INFO: [Synth 8-256] done synthesizing module 'synchronizer__parameterized1' (0#1) [C:/Users/Javier Orbis/OneDrive/Documentos/Github/DAS/sources/common/synchronizer.vhd:35]
	Parameter STAGES bound to: 2 - type: integer 
	Parameter XPOL bound to: 1'b0 
INFO: [Synth 8-3491] module 'synchronizer' declared at 'C:/Users/Javier Orbis/OneDrive/Documentos/Github/DAS/sources/common/synchronizer.vhd:21' bound to instance 'ps2DataSynchronizer' of component 'synchronizer' [C:/Users/Javier Orbis/OneDrive/Documentos/Github/DAS/sources/common/ps2receiver.vhd:52]
	Parameter XPOL bound to: 1'b0 
INFO: [Synth 8-3491] module 'edgeDetector' declared at 'C:/Users/Javier Orbis/OneDrive/Documentos/Github/DAS/sources/common/edgeDetector.vhd:21' bound to instance 'ps2ClkEdgeDetector' of component 'edgeDetector' [C:/Users/Javier Orbis/OneDrive/Documentos/Github/DAS/sources/common/ps2receiver.vhd:56]
INFO: [Synth 8-638] synthesizing module 'edgeDetector' [C:/Users/Javier Orbis/OneDrive/Documentos/Github/DAS/sources/common/edgeDetector.vhd:35]
	Parameter XPOL bound to: 1'b0 
INFO: [Synth 8-256] done synthesizing module 'edgeDetector' (0#1) [C:/Users/Javier Orbis/OneDrive/Documentos/Github/DAS/sources/common/edgeDetector.vhd:35]
INFO: [Synth 8-256] done synthesizing module 'ps2receiver' (0#1) [C:/Users/Javier Orbis/OneDrive/Documentos/Github/DAS/sources/common/ps2receiver.vhd:38]
	Parameter WL bound to: 3 - type: integer 
INFO: [Synth 8-3491] module 'lsfr' declared at 'C:/Users/Javier Orbis/OneDrive/Documentos/Github/DAS/sources/common/lsfr.vhd:23' bound to instance 'generaPieza' of component 'lsfr' [C:/Users/Javier Orbis/OneDrive/Documentos/Github/DAS/sources/proyecto/proyecto.vhd:98]
INFO: [Synth 8-638] synthesizing module 'lsfr' [C:/Users/Javier Orbis/OneDrive/Documentos/Github/DAS/sources/common/lsfr.vhd:39]
	Parameter WL bound to: 3 - type: integer 
INFO: [Synth 8-256] done synthesizing module 'lsfr' (0#1) [C:/Users/Javier Orbis/OneDrive/Documentos/Github/DAS/sources/common/lsfr.vhd:39]
	Parameter FREQ_DIV bound to: 4 - type: integer 
INFO: [Synth 8-3491] module 'vgaRefresher' declared at 'C:/Users/Javier Orbis/OneDrive/Documentos/Github/DAS/sources/common/vgaRefresher.vhd:23' bound to instance 'screenInteface' of component 'vgaRefresher' [C:/Users/Javier Orbis/OneDrive/Documentos/Github/DAS/sources/proyecto/proyecto.vhd:139]
INFO: [Synth 8-638] synthesizing module 'vgaRefresher' [C:/Users/Javier Orbis/OneDrive/Documentos/Github/DAS/sources/common/vgaRefresher.vhd:48]
	Parameter FREQ_DIV bound to: 4 - type: integer 
INFO: [Synth 8-256] done synthesizing module 'vgaRefresher' (0#1) [C:/Users/Javier Orbis/OneDrive/Documentos/Github/DAS/sources/common/vgaRefresher.vhd:48]
INFO: [Synth 8-256] done synthesizing module 'proyecto' (0#1) [C:/Users/Javier Orbis/OneDrive/Documentos/Github/DAS/sources/proyecto/proyecto.vhd:22]
WARNING: [Synth 8-6014] Unused sequential element rP_reg was removed.  [C:/Users/Javier Orbis/OneDrive/Documentos/Github/DAS/sources/proyecto/proyecto.vhd:118]
WARNING: [Synth 8-6014] Unused sequential element spcP_reg was removed.  [C:/Users/Javier Orbis/OneDrive/Documentos/Github/DAS/sources/proyecto/proyecto.vhd:119]
