
*** Running vivado
    with args -log lab1.vds -m64 -product Vivado -mode batch -messageDb vivado.pb -notrace -source lab1.tcl


****** Vivado v2023.1 (64-bit)
  **** SW Build 3865809 on Sun May  7 15:04:56 MDT 2023
  **** IP Build 3864474 on Sun May  7 20:36:21 MDT 2023
  **** SharedData Build 3865790 on Sun May 07 13:33:03 MDT 2023
    ** Copyright 1986-2022 Xilinx, Inc. All Rights Reserved.
    ** Copyright 2022-2023 Advanced Micro Devices, Inc. All Rights Reserved.

source lab1.tcl -notrace
Command: read_checkpoint -auto_incremental -incremental /home/alv/dt/uni/DAS/projects/lab1/lab1.srcs/utils_1/imports/synth_1/lab1.dcp
INFO: [Vivado 12-5825] Read reference checkpoint from /home/alv/dt/uni/DAS/projects/lab1/lab1.srcs/utils_1/imports/synth_1/lab1.dcp for incremental synthesis
INFO: [Vivado 12-7989] Please ensure there are no constraint changes
Command: synth_design -top lab1 -part xc7a35tcpg236-1
Starting synth_design
Attempting to get a license for feature 'Synthesis' and/or device 'xc7a35t'
INFO: [Common 17-349] Got license for feature 'Synthesis' and/or device 'xc7a35t'
INFO: [Device 21-403] Loading part xc7a35tcpg236-1
INFO: [Designutils 20-5440] No compile time benefit to using incremental synthesis; A full resynthesis will be run
INFO: [Designutils 20-4379] Flow is switching to default flow due to incremental criteria not met. If you would like to alter this behaviour and have the flow terminate instead, please set the following parameter config_implementation {autoIncr.Synth.RejectBehavior Terminate}
INFO: [Synth 8-7079] Multithreading enabled for synth_design using a maximum of 4 processes.
INFO: [Synth 8-7078] Launching helper process for spawning children vivado processes
INFO: [Synth 8-7075] Helper process launched with PID 5327
---------------------------------------------------------------------------------
Starting RTL Elaboration : Time (s): cpu = 00:00:02 ; elapsed = 00:00:02 . Memory (MB): peak = 1980.102 ; gain = 377.770 ; free physical = 7808 ; free virtual = 11767
---------------------------------------------------------------------------------
INFO: [Synth 8-638] synthesizing module 'lab1' [/home/alv/dt/uni/DAS/sources/lab1/lab1.vhd:37]
INFO: [Synth 8-226] default block is never used [/home/alv/dt/uni/DAS/sources/lab1/lab1.vhd:51]
INFO: [Synth 8-3491] module 'bin2segs' declared at '/home/alv/dt/uni/DAS/sources/common/bin2segs.vhd:24' bound to instance 'converter' of component 'bin2segs' [/home/alv/dt/uni/DAS/sources/lab1/lab1.vhd:65]
INFO: [Synth 8-638] synthesizing module 'bin2segs' [/home/alv/dt/uni/DAS/sources/common/bin2segs.vhd:37]
INFO: [Synth 8-226] default block is never used [/home/alv/dt/uni/DAS/sources/common/bin2segs.vhd:42]
INFO: [Synth 8-256] done synthesizing module 'bin2segs' (0#1) [/home/alv/dt/uni/DAS/sources/common/bin2segs.vhd:37]
INFO: [Synth 8-256] done synthesizing module 'lab1' (0#1) [/home/alv/dt/uni/DAS/sources/lab1/lab1.vhd:37]
WARNING: [Synth 8-3917] design lab1 has port an_n[3] driven by constant 1
WARNING: [Synth 8-3917] design lab1 has port an_n[2] driven by constant 1
WARNING: [Synth 8-3917] design lab1 has port an_n[1] driven by constant 1
WARNING: [Synth 8-3917] design lab1 has port an_n[0] driven by constant 0
---------------------------------------------------------------------------------
Finished RTL Elaboration : Time (s): cpu = 00:00:03 ; elapsed = 00:00:03 . Memory (MB): peak = 2047.039 ; gain = 444.707 ; free physical = 7733 ; free virtual = 11695
---------------------------------------------------------------------------------
---------------------------------------------------------------------------------
Start Handling Custom Attributes
---------------------------------------------------------------------------------
---------------------------------------------------------------------------------
Finished Handling Custom Attributes : Time (s): cpu = 00:00:03 ; elapsed = 00:00:03 . Memory (MB): peak = 2064.852 ; gain = 462.520 ; free physical = 7725 ; free virtual = 11687
---------------------------------------------------------------------------------
---------------------------------------------------------------------------------
Finished RTL Optimization Phase 1 : Time (s): cpu = 00:00:03 ; elapsed = 00:00:03 . Memory (MB): peak = 2064.852 ; gain = 462.520 ; free physical = 7725 ; free virtual = 11687
---------------------------------------------------------------------------------
Netlist sorting complete. Time (s): cpu = 00:00:00 ; elapsed = 00:00:00 . Memory (MB): peak = 2064.852 ; gain = 0.000 ; free physical = 7725 ; free virtual = 11687
INFO: [Project 1-570] Preparing netlist for logic optimization

Processing XDC Constraints
Initializing timing engine
Parsing XDC File [/home/alv/dt/uni/DAS/sources/lab1/lab1.xdc]
Finished Parsing XDC File [/home/alv/dt/uni/DAS/sources/lab1/lab1.xdc]
INFO: [Project 1-236] Implementation specific constraints were found while reading constraint file [/home/alv/dt/uni/DAS/sources/lab1/lab1.xdc]. These constraints will be ignored for synthesis but will be used in implementation. Impacted constraints are listed in the file [.Xil/lab1_propImpl.xdc].
Resolution: To avoid this warning, move constraints listed in [.Xil/lab1_propImpl.xdc] to another XDC file and exclude this new file from synthesis with the used_in_synthesis property (File Properties dialog in GUI) and re-run elaboration/synthesis.
Completed Processing XDC Constraints

Netlist sorting complete. Time (s): cpu = 00:00:00 ; elapsed = 00:00:00 . Memory (MB): peak = 2165.602 ; gain = 0.000 ; free physical = 7668 ; free virtual = 11643
INFO: [Project 1-111] Unisim Transformation Summary:
No Unisim elements were transformed.

Constraint Validation Runtime : Time (s): cpu = 00:00:00.01 ; elapsed = 00:00:00 . Memory (MB): peak = 2165.602 ; gain = 0.000 ; free physical = 7668 ; free virtual = 11643
INFO: [Designutils 20-5440] No compile time benefit to using incremental synthesis; A full resynthesis will be run
INFO: [Designutils 20-4379] Flow is switching to default flow due to incremental criteria not met. If you would like to alter this behaviour and have the flow terminate instead, please set the following parameter config_implementation {autoIncr.Synth.RejectBehavior Terminate}
---------------------------------------------------------------------------------
Finished Constraint Validation : Time (s): cpu = 00:00:07 ; elapsed = 00:00:07 . Memory (MB): peak = 2165.602 ; gain = 563.270 ; free physical = 7666 ; free virtual = 11641
---------------------------------------------------------------------------------
---------------------------------------------------------------------------------
Start Loading Part and Timing Information
---------------------------------------------------------------------------------
Loading part: xc7a35tcpg236-1
---------------------------------------------------------------------------------
Finished Loading Part and Timing Information : Time (s): cpu = 00:00:07 ; elapsed = 00:00:07 . Memory (MB): peak = 2165.602 ; gain = 563.270 ; free physical = 7666 ; free virtual = 11641
---------------------------------------------------------------------------------
---------------------------------------------------------------------------------
Start Applying 'set_property' XDC Constraints
---------------------------------------------------------------------------------
---------------------------------------------------------------------------------
Finished applying 'set_property' XDC Constraints : Time (s): cpu = 00:00:07 ; elapsed = 00:00:07 . Memory (MB): peak = 2165.602 ; gain = 563.270 ; free physical = 7666 ; free virtual = 11641
---------------------------------------------------------------------------------
---------------------------------------------------------------------------------
Finished RTL Optimization Phase 2 : Time (s): cpu = 00:00:07 ; elapsed = 00:00:07 . Memory (MB): peak = 2165.602 ; gain = 563.270 ; free physical = 7670 ; free virtual = 11646
---------------------------------------------------------------------------------
---------------------------------------------------------------------------------
Start RTL Component Statistics 
---------------------------------------------------------------------------------
Detailed RTL Component Info : 
+---Adders : 
	   3 Input    8 Bit       Adders := 1     
	   2 Input    8 Bit       Adders := 1     
+---Muxes : 
	   4 Input   16 Bit        Muxes := 1     
	   2 Input    8 Bit        Muxes := 1     
---------------------------------------------------------------------------------
Finished RTL Component Statistics 
---------------------------------------------------------------------------------
---------------------------------------------------------------------------------
Start Part Resource Summary
---------------------------------------------------------------------------------
Part Resources:
DSPs: 90 (col length:60)
BRAMs: 100 (col length: RAMB18 60 RAMB36 30)
---------------------------------------------------------------------------------
Finished Part Resource Summary
---------------------------------------------------------------------------------
---------------------------------------------------------------------------------
Start Cross Boundary and Area Optimization
---------------------------------------------------------------------------------
WARNING: [Synth 8-7080] Parallel synthesis criteria is not met
WARNING: [Synth 8-3917] design lab1 has port an_n[3] driven by constant 1
WARNING: [Synth 8-3917] design lab1 has port an_n[2] driven by constant 1
WARNING: [Synth 8-3917] design lab1 has port an_n[1] driven by constant 1
WARNING: [Synth 8-3917] design lab1 has port an_n[0] driven by constant 0
WARNING: [Synth 8-3917] design lab1 has port segs_n[7] driven by constant 1
---------------------------------------------------------------------------------
Finished Cross Boundary and Area Optimization : Time (s): cpu = 00:00:08 ; elapsed = 00:00:08 . Memory (MB): peak = 2165.602 ; gain = 563.270 ; free physical = 7673 ; free virtual = 11655
---------------------------------------------------------------------------------
---------------------------------------------------------------------------------
Start Applying XDC Timing Constraints
---------------------------------------------------------------------------------
---------------------------------------------------------------------------------
Finished Applying XDC Timing Constraints : Time (s): cpu = 00:00:11 ; elapsed = 00:00:11 . Memory (MB): peak = 2165.602 ; gain = 563.270 ; free physical = 7657 ; free virtual = 11646
---------------------------------------------------------------------------------
---------------------------------------------------------------------------------
Start Timing Optimization
---------------------------------------------------------------------------------
---------------------------------------------------------------------------------
Finished Timing Optimization : Time (s): cpu = 00:00:11 ; elapsed = 00:00:11 . Memory (MB): peak = 2165.602 ; gain = 563.270 ; free physical = 7657 ; free virtual = 11646
---------------------------------------------------------------------------------
---------------------------------------------------------------------------------
Start Technology Mapping
---------------------------------------------------------------------------------
---------------------------------------------------------------------------------
Finished Technology Mapping : Time (s): cpu = 00:00:11 ; elapsed = 00:00:11 . Memory (MB): peak = 2165.602 ; gain = 563.270 ; free physical = 7657 ; free virtual = 11646
---------------------------------------------------------------------------------
---------------------------------------------------------------------------------
Start IO Insertion
---------------------------------------------------------------------------------
---------------------------------------------------------------------------------
Start Flattening Before IO Insertion
---------------------------------------------------------------------------------
---------------------------------------------------------------------------------
Finished Flattening Before IO Insertion
---------------------------------------------------------------------------------
---------------------------------------------------------------------------------
Start Final Netlist Cleanup
---------------------------------------------------------------------------------
---------------------------------------------------------------------------------
Finished Final Netlist Cleanup
---------------------------------------------------------------------------------
---------------------------------------------------------------------------------
Finished IO Insertion : Time (s): cpu = 00:00:13 ; elapsed = 00:00:13 . Memory (MB): peak = 2165.602 ; gain = 563.270 ; free physical = 7656 ; free virtual = 11644
---------------------------------------------------------------------------------
---------------------------------------------------------------------------------
Start Renaming Generated Instances
---------------------------------------------------------------------------------
---------------------------------------------------------------------------------
Finished Renaming Generated Instances : Time (s): cpu = 00:00:13 ; elapsed = 00:00:13 . Memory (MB): peak = 2165.602 ; gain = 563.270 ; free physical = 7656 ; free virtual = 11644
---------------------------------------------------------------------------------
---------------------------------------------------------------------------------
Start Rebuilding User Hierarchy
---------------------------------------------------------------------------------
---------------------------------------------------------------------------------
Finished Rebuilding User Hierarchy : Time (s): cpu = 00:00:13 ; elapsed = 00:00:13 . Memory (MB): peak = 2165.602 ; gain = 563.270 ; free physical = 7656 ; free virtual = 11644
---------------------------------------------------------------------------------
---------------------------------------------------------------------------------
Start Renaming Generated Ports
---------------------------------------------------------------------------------
---------------------------------------------------------------------------------
Finished Renaming Generated Ports : Time (s): cpu = 00:00:13 ; elapsed = 00:00:13 . Memory (MB): peak = 2165.602 ; gain = 563.270 ; free physical = 7656 ; free virtual = 11644
---------------------------------------------------------------------------------
---------------------------------------------------------------------------------
Start Handling Custom Attributes
---------------------------------------------------------------------------------
---------------------------------------------------------------------------------
Finished Handling Custom Attributes : Time (s): cpu = 00:00:13 ; elapsed = 00:00:13 . Memory (MB): peak = 2165.602 ; gain = 563.270 ; free physical = 7656 ; free virtual = 11644
---------------------------------------------------------------------------------
---------------------------------------------------------------------------------
Start Renaming Generated Nets
---------------------------------------------------------------------------------
---------------------------------------------------------------------------------
Finished Renaming Generated Nets : Time (s): cpu = 00:00:13 ; elapsed = 00:00:13 . Memory (MB): peak = 2165.602 ; gain = 563.270 ; free physical = 7656 ; free virtual = 11644
---------------------------------------------------------------------------------
---------------------------------------------------------------------------------
Start Writing Synthesis Report
---------------------------------------------------------------------------------

Report BlackBoxes: 
+-+--------------+----------+
| |BlackBox name |Instances |
+-+--------------+----------+
+-+--------------+----------+

Report Cell Usage: 
+------+-------+------+
|      |Cell   |Count |
+------+-------+------+
|1     |CARRY4 |    16|
|2     |LUT2   |    39|
|3     |LUT3   |     6|
|4     |LUT4   |    26|
|5     |LUT5   |    15|
|6     |LUT6   |    41|
|7     |IBUF   |    18|
|8     |OBUF   |    28|
+------+-------+------+
---------------------------------------------------------------------------------
Finished Writing Synthesis Report : Time (s): cpu = 00:00:13 ; elapsed = 00:00:13 . Memory (MB): peak = 2165.602 ; gain = 563.270 ; free physical = 7656 ; free virtual = 11644
---------------------------------------------------------------------------------
Synthesis finished with 0 errors, 0 critical warnings and 6 warnings.
Synthesis Optimization Runtime : Time (s): cpu = 00:00:12 ; elapsed = 00:00:12 . Memory (MB): peak = 2165.602 ; gain = 462.520 ; free physical = 7656 ; free virtual = 11644
Synthesis Optimization Complete : Time (s): cpu = 00:00:13 ; elapsed = 00:00:13 . Memory (MB): peak = 2165.602 ; gain = 563.270 ; free physical = 7656 ; free virtual = 11644
INFO: [Project 1-571] Translating synthesized netlist
Netlist sorting complete. Time (s): cpu = 00:00:00 ; elapsed = 00:00:00 . Memory (MB): peak = 2165.602 ; gain = 0.000 ; free physical = 7656 ; free virtual = 11647
INFO: [Netlist 29-17] Analyzing 16 Unisim elements for replacement
INFO: [Netlist 29-28] Unisim Transformation completed in 0 CPU seconds
INFO: [Project 1-570] Preparing netlist for logic optimization
INFO: [Opt 31-138] Pushed 0 inverter(s) to 0 load pin(s).
Netlist sorting complete. Time (s): cpu = 00:00:00 ; elapsed = 00:00:00 . Memory (MB): peak = 2165.602 ; gain = 0.000 ; free physical = 7932 ; free virtual = 11923
INFO: [Project 1-111] Unisim Transformation Summary:
No Unisim elements were transformed.

Synth Design complete | Checksum: 8c8aabc6
INFO: [Common 17-83] Releasing license: Synthesis
28 Infos, 10 Warnings, 0 Critical Warnings and 0 Errors encountered.
synth_design completed successfully
synth_design: Time (s): cpu = 00:00:17 ; elapsed = 00:00:16 . Memory (MB): peak = 2165.602 ; gain = 886.309 ; free physical = 7932 ; free virtual = 11923
INFO: [Common 17-2834] synth_design peak Physical Memory [PSS] (MB): overall = 1783.109; main = 1459.289; forked = 382.724
INFO: [Common 17-2834] synth_design peak Virtual Memory [VSS] (MB): overall = 3111.648; main = 2165.605; forked = 978.059
INFO: [Common 17-1381] The checkpoint '/home/alv/dt/uni/DAS/projects/lab1/lab1.runs/synth_1/lab1.dcp' has been generated.
INFO: [runtcl-4] Executing : report_utilization -file lab1_utilization_synth.rpt -pb lab1_utilization_synth.pb
INFO: [Common 17-206] Exiting Vivado at Thu Feb  8 15:31:30 2024...
