Copyright 1986-2022 Xilinx, Inc. All Rights Reserved. Copyright 2022-2023 Advanced Micro Devices, Inc. All Rights Reserved.
--------------------------------------------------------------------------------------------------------------------------------------------------------------------
| Tool Version : Vivado v.2023.1 (lin64) Build 3865809 Sun May  7 15:04:56 MDT 2023
| Date         : Thu Apr 11 13:01:37 2024
| Host         : Jorbis-Zenbook running 64-bit unknown
| Command      : report_methodology -file lab6damero_methodology_drc_routed.rpt -pb lab6damero_methodology_drc_routed.pb -rpx lab6damero_methodology_drc_routed.rpx
| Design       : lab6damero
| Device       : xc7a35tcpg236-1
| Speed File   : -1
| Design State : Fully Routed
--------------------------------------------------------------------------------------------------------------------------------------------------------------------

Report Methodology

Table of Contents
-----------------
1. REPORT SUMMARY
2. REPORT DETAILS

1. REPORT SUMMARY
-----------------
            Netlist: netlist
          Floorplan: design_1
      Design limits: <entire design considered>
             Max violations: <unlimited>
             Violations found: 14
+-----------+----------+-------------------------------+------------+
| Rule      | Severity | Description                   | Violations |
+-----------+----------+-------------------------------+------------+
| TIMING-18 | Warning  | Missing input or output delay | 14         |
+-----------+----------+-------------------------------+------------+

2. REPORT DETAILS
-----------------
TIMING-18#1 Warning
Missing input or output delay  
An output delay is missing on RGB[0] relative to the rising and/or falling clock edge(s) of sysClk.
Related violations: <none>

TIMING-18#2 Warning
Missing input or output delay  
An output delay is missing on RGB[10] relative to the rising and/or falling clock edge(s) of sysClk.
Related violations: <none>

TIMING-18#3 Warning
Missing input or output delay  
An output delay is missing on RGB[11] relative to the rising and/or falling clock edge(s) of sysClk.
Related violations: <none>

TIMING-18#4 Warning
Missing input or output delay  
An output delay is missing on RGB[1] relative to the rising and/or falling clock edge(s) of sysClk.
Related violations: <none>

TIMING-18#5 Warning
Missing input or output delay  
An output delay is missing on RGB[2] relative to the rising and/or falling clock edge(s) of sysClk.
Related violations: <none>

TIMING-18#6 Warning
Missing input or output delay  
An output delay is missing on RGB[3] relative to the rising and/or falling clock edge(s) of sysClk.
Related violations: <none>

TIMING-18#7 Warning
Missing input or output delay  
An output delay is missing on RGB[4] relative to the rising and/or falling clock edge(s) of sysClk.
Related violations: <none>

TIMING-18#8 Warning
Missing input or output delay  
An output delay is missing on RGB[5] relative to the rising and/or falling clock edge(s) of sysClk.
Related violations: <none>

TIMING-18#9 Warning
Missing input or output delay  
An output delay is missing on RGB[6] relative to the rising and/or falling clock edge(s) of sysClk.
Related violations: <none>

TIMING-18#10 Warning
Missing input or output delay  
An output delay is missing on RGB[7] relative to the rising and/or falling clock edge(s) of sysClk.
Related violations: <none>

TIMING-18#11 Warning
Missing input or output delay  
An output delay is missing on RGB[8] relative to the rising and/or falling clock edge(s) of sysClk.
Related violations: <none>

TIMING-18#12 Warning
Missing input or output delay  
An output delay is missing on RGB[9] relative to the rising and/or falling clock edge(s) of sysClk.
Related violations: <none>

TIMING-18#13 Warning
Missing input or output delay  
An output delay is missing on hSync relative to the rising and/or falling clock edge(s) of sysClk.
Related violations: <none>

TIMING-18#14 Warning
Missing input or output delay  
An output delay is missing on vSync relative to the rising and/or falling clock edge(s) of sysClk.
Related violations: <none>


