Copyright 1986-2022 Xilinx, Inc. All Rights Reserved. Copyright 2022-2023 Advanced Micro Devices, Inc. All Rights Reserved.
---------------------------------------------------------------------------------------------------------------------------------------------
| Tool Version : Vivado v.2023.1 (lin64) Build 3865809 Sun May  7 15:04:56 MDT 2023
| Date         : Mon May  6 23:40:21 2024
| Host         : alv-debian running 64-bit Debian GNU/Linux 12 (bookworm)
| Command      : report_control_sets -verbose -file lab8_control_sets_placed.rpt
| Design       : lab8
| Device       : xc7a35t
---------------------------------------------------------------------------------------------------------------------------------------------

Control Set Information

Table of Contents
-----------------
1. Summary
2. Histogram
3. Flip-Flop Distribution
4. Detailed Control Set Information

1. Summary
----------

+----------------------------------------------------------+-------+
|                          Status                          | Count |
+----------------------------------------------------------+-------+
| Total control sets                                       |    11 |
|    Minimum number of control sets                        |    11 |
|    Addition due to synthesis replication                 |     0 |
|    Addition due to physical synthesis replication        |     0 |
| Unused register locations in slices containing registers |    49 |
+----------------------------------------------------------+-------+
* Control sets can be merged at opt_design using control_set_merge or merge_equivalent_drivers
** Run report_qor_suggestions for automated merging and remapping suggestions


2. Histogram
------------

+--------------------+-------+
|       Fanout       | Count |
+--------------------+-------+
| Total control sets |    11 |
| >= 0 to < 4        |     2 |
| >= 4 to < 6        |     3 |
| >= 6 to < 8        |     1 |
| >= 8 to < 10       |     1 |
| >= 10 to < 12      |     4 |
| >= 12 to < 14      |     0 |
| >= 14 to < 16      |     0 |
| >= 16              |     0 |
+--------------------+-------+
* Control sets can be remapped at either synth_design or opt_design


3. Flip-Flop Distribution
-------------------------

+--------------+-----------------------+------------------------+-----------------+--------------+
| Clock Enable | Synchronous Set/Reset | Asynchronous Set/Reset | Total Registers | Total Slices |
+--------------+-----------------------+------------------------+-----------------+--------------+
| No           | No                    | No                     |               9 |            5 |
| No           | No                    | Yes                    |               0 |            0 |
| No           | Yes                   | No                     |               8 |            3 |
| Yes          | No                    | No                     |              21 |            8 |
| Yes          | No                    | Yes                    |               0 |            0 |
| Yes          | Yes                   | No                     |              33 |            9 |
+--------------+-----------------------+------------------------+-----------------+--------------+


4. Detailed Control Set Information
-----------------------------------

+----------------+----------------------------------------------------+----------------------------------------------+------------------+----------------+--------------+
|  Clock Signal  |                    Enable Signal                   |               Set/Reset Signal               | Slice Load Count | Bel Load Count | Bels / Slice |
+----------------+----------------------------------------------------+----------------------------------------------+------------------+----------------+--------------+
|  clk_IBUF_BUFG | screenInterface/screenInteface/pixelCnt[9]_i_1_n_0 | screenInterface/screenInteface/vSync_i_1_n_0 |                1 |              1 |         1.00 |
|  clk_IBUF_BUFG | screenInterface/screenInteface/pixelCnt[9]_i_1_n_0 | screenInterface/screenInteface/hSync_i_1_n_0 |                1 |              1 |         1.00 |
|  clk_IBUF_BUFG |                                                    | screenInterface/screenInteface/RGB0          |                2 |              4 |         2.00 |
|  clk_IBUF_BUFG |                                                    | rstSynchronizer/Q[0]                         |                1 |              4 |         4.00 |
|  clk_IBUF_BUFG | y0                                                 | rstSynchronizer/aux_reg[1]_0[0]              |                2 |              5 |         2.50 |
|  clk_IBUF_BUFG | ps2KeyboardInterface/E[0]                          | rstSynchronizer/SR[0]                        |                1 |              7 |         7.00 |
|  clk_IBUF_BUFG | ps2KeyboardInterface/dataRdy_i_1_n_0               | rstSynchronizer/Q[0]                         |                2 |              8 |         4.00 |
|  clk_IBUF_BUFG |                                                    |                                              |                5 |             10 |         2.00 |
|  clk_IBUF_BUFG | screenInterface/screenInteface/lineCnt0            |                                              |                4 |             10 |         2.50 |
|  clk_IBUF_BUFG | screenInterface/screenInteface/pixelCnt[9]_i_1_n_0 |                                              |                4 |             11 |         2.75 |
|  clk_IBUF_BUFG | ps2KeyboardInterface/ps2ClkEdgeDetector/E[0]       | rstSynchronizer/SS[0]                        |                2 |             11 |         5.50 |
+----------------+----------------------------------------------------+----------------------------------------------+------------------+----------------+--------------+


