
*** Running vivado
    with args -log lab8.vdi -applog -m64 -product Vivado -messageDb vivado.pb -mode batch -source lab8.tcl -notrace


****** Vivado v2023.1 (64-bit)
  **** SW Build 3865809 on Sun May  7 15:04:56 MDT 2023
  **** IP Build 3864474 on Sun May  7 20:36:21 MDT 2023
  **** SharedData Build 3865790 on Sun May 07 13:33:03 MDT 2023
    ** Copyright 1986-2022 Xilinx, Inc. All Rights Reserved.
    ** Copyright 2022-2023 Advanced Micro Devices, Inc. All Rights Reserved.

source lab8.tcl -notrace
create_project: Time (s): cpu = 00:00:05 ; elapsed = 00:00:05 . Memory (MB): peak = 1275.891 ; gain = 62.047 ; free physical = 6330 ; free virtual = 11721
Command: link_design -top lab8 -part xc7a35tcpg236-1
Design is defaulting to srcset: sources_1
Design is defaulting to constrset: constrs_1
INFO: [Device 21-403] Loading part xc7a35tcpg236-1
Netlist sorting complete. Time (s): cpu = 00:00:00 ; elapsed = 00:00:00 . Memory (MB): peak = 1601.898 ; gain = 0.000 ; free physical = 5987 ; free virtual = 11377
INFO: [Project 1-479] Netlist was created with Vivado 2023.1
INFO: [Project 1-570] Preparing netlist for logic optimization
Parsing XDC File [/home/alv/Desktop/uni/DAS/sources/lab8/lab8.xdc]
Finished Parsing XDC File [/home/alv/Desktop/uni/DAS/sources/lab8/lab8.xdc]
INFO: [Opt 31-138] Pushed 0 inverter(s) to 0 load pin(s).
Netlist sorting complete. Time (s): cpu = 00:00:00 ; elapsed = 00:00:00 . Memory (MB): peak = 1761.363 ; gain = 0.000 ; free physical = 5878 ; free virtual = 11267
INFO: [Project 1-111] Unisim Transformation Summary:
No Unisim elements were transformed.

5 Infos, 0 Warnings, 0 Critical Warnings and 0 Errors encountered.
link_design completed successfully
Command: opt_design
Attempting to get a license for feature 'Implementation' and/or device 'xc7a35t'
INFO: [Common 17-349] Got license for feature 'Implementation' and/or device 'xc7a35t'
Running DRC as a precondition to command opt_design

Starting DRC Task
INFO: [DRC 23-27] Running DRC with 8 threads
ERROR: [DRC MDRV-1] Multiple Driver Nets: Net ps2KeyboardInterface/keyScanner.state_reg_1[0] has multiple drivers: ps2KeyboardInterface/data_reg[0]/Q, and key_reg[0]/Q.
ERROR: [DRC MDRV-1] Multiple Driver Nets: Net ps2KeyboardInterface/keyScanner.state_reg_1[1] has multiple drivers: ps2KeyboardInterface/data_reg[1]/Q, and key_reg[1]/Q.
ERROR: [DRC MDRV-1] Multiple Driver Nets: Net ps2KeyboardInterface/keyScanner.state_reg_1[2] has multiple drivers: ps2KeyboardInterface/data_reg[2]/Q, and key_reg[2]/Q.
ERROR: [DRC MDRV-1] Multiple Driver Nets: Net ps2KeyboardInterface/keyScanner.state_reg_1[3] has multiple drivers: ps2KeyboardInterface/data_reg[3]/Q, and key_reg[3]/Q.
ERROR: [DRC MDRV-1] Multiple Driver Nets: Net ps2KeyboardInterface/keyScanner.state_reg_1[4] has multiple drivers: ps2KeyboardInterface/data_reg[4]/Q, and key_reg[4]/Q.
ERROR: [DRC MDRV-1] Multiple Driver Nets: Net ps2KeyboardInterface/keyScanner.state_reg_1[5] has multiple drivers: ps2KeyboardInterface/data_reg[5]/Q, and key_reg[5]/Q.
ERROR: [DRC MDRV-1] Multiple Driver Nets: Net ps2KeyboardInterface/keyScanner.state_reg_1[6] has multiple drivers: key_reg[6]/Q, and ps2KeyboardInterface/data_reg[6]/Q.
ERROR: [DRC MDRV-1] Multiple Driver Nets: Net ps2KeyboardInterface/keyScanner.state_reg_1[7] has multiple drivers: ps2KeyboardInterface/data_reg[7]/Q, and key_reg[7]/Q.
INFO: [Project 1-461] DRC finished with 8 Errors
INFO: [Project 1-462] Please refer to the DRC report (report_drc) for more information.
ERROR: [Vivado_Tcl 4-78] Error(s) found during DRC. Opt_design not run.

Time (s): cpu = 00:00:00.91 ; elapsed = 00:00:00.59 . Memory (MB): peak = 1847.176 ; gain = 79.875 ; free physical = 5853 ; free virtual = 11242
INFO: [Common 17-83] Releasing license: Implementation
10 Infos, 0 Warnings, 0 Critical Warnings and 9 Errors encountered.
opt_design failed
ERROR: [Common 17-39] 'opt_design' failed due to earlier errors.

INFO: [Common 17-206] Exiting Vivado at Mon May  6 19:30:52 2024...
