Copyright 1986-2022 Xilinx, Inc. All Rights Reserved. Copyright 2022-2023 Advanced Micro Devices, Inc. All Rights Reserved.
-----------------------------------------------------------------------------------------------------------------------------------------------------------------------------
| Tool Version : Vivado v.2023.1 (lin64) Build 3865809 Sun May  7 15:04:56 MDT 2023
| Date         : Fri May 10 13:30:31 2024
| Host         : Jorbis-Zenbook running 64-bit unknown
| Command      : report_methodology -file lab10loopback_methodology_drc_routed.rpt -pb lab10loopback_methodology_drc_routed.pb -rpx lab10loopback_methodology_drc_routed.rpx
| Design       : lab10loopback
| Device       : xc7a35tcpg236-1
| Speed File   : -1
| Design State : Fully Routed
-----------------------------------------------------------------------------------------------------------------------------------------------------------------------------

Report Methodology

Table of Contents
-----------------
1. REPORT SUMMARY
2. REPORT DETAILS

1. REPORT SUMMARY
-----------------
            Netlist: netlist
          Floorplan: design_1
      Design limits: <entire design considered>
             Max violations: <unlimited>
             Violations found: 8
+-----------+----------+-------------------------------+------------+
| Rule      | Severity | Description                   | Violations |
+-----------+----------+-------------------------------+------------+
| TIMING-18 | Warning  | Missing input or output delay | 8          |
+-----------+----------+-------------------------------+------------+

2. REPORT DETAILS
-----------------
TIMING-18#1 Warning
Missing input or output delay  
An input delay is missing on sdto relative to the rising and/or falling clock edge(s) of sysClk.
Related violations: <none>

TIMING-18#2 Warning
Missing input or output delay  
An output delay is missing on lrckAD relative to the rising and/or falling clock edge(s) of sysClk.
Related violations: <none>

TIMING-18#3 Warning
Missing input or output delay  
An output delay is missing on lrckDA relative to the rising and/or falling clock edge(s) of sysClk.
Related violations: <none>

TIMING-18#4 Warning
Missing input or output delay  
An output delay is missing on mclkAD relative to the rising and/or falling clock edge(s) of sysClk.
Related violations: <none>

TIMING-18#5 Warning
Missing input or output delay  
An output delay is missing on mclkDA relative to the rising and/or falling clock edge(s) of sysClk.
Related violations: <none>

TIMING-18#6 Warning
Missing input or output delay  
An output delay is missing on sclkAD relative to the rising and/or falling clock edge(s) of sysClk.
Related violations: <none>

TIMING-18#7 Warning
Missing input or output delay  
An output delay is missing on sclkDA relative to the rising and/or falling clock edge(s) of sysClk.
Related violations: <none>

TIMING-18#8 Warning
Missing input or output delay  
An output delay is missing on sdti relative to the rising and/or falling clock edge(s) of sysClk.
Related violations: <none>


