
*** Running vivado
    with args -log lab10loopback.vdi -applog -m64 -product Vivado -messageDb vivado.pb -mode batch -source lab10loopback.tcl -notrace


****** Vivado v2023.1 (64-bit)
  **** SW Build 3865809 on Sun May  7 15:04:56 MDT 2023
  **** IP Build 3864474 on Sun May  7 20:36:21 MDT 2023
  **** SharedData Build 3865790 on Sun May 07 13:33:03 MDT 2023
    ** Copyright 1986-2022 Xilinx, Inc. All Rights Reserved.
    ** Copyright 2022-2023 Advanced Micro Devices, Inc. All Rights Reserved.

source lab10loopback.tcl -notrace
Command: link_design -top lab10loopback -part xc7a35tcpg236-1
Design is defaulting to srcset: sources_1
Design is defaulting to constrset: constrs_1
INFO: [Device 21-403] Loading part xc7a35tcpg236-1
Netlist sorting complete. Time (s): cpu = 00:00:00 ; elapsed = 00:00:00 . Memory (MB): peak = 1601.367 ; gain = 0.000 ; free physical = 7281 ; free virtual = 14765
INFO: [Project 1-479] Netlist was created with Vivado 2023.1
INFO: [Project 1-570] Preparing netlist for logic optimization
Parsing XDC File [/home/jorbis/Documentos/GitHub/DAS/sources/lab10loopback/lab10loopback.xdc]
Finished Parsing XDC File [/home/jorbis/Documentos/GitHub/DAS/sources/lab10loopback/lab10loopback.xdc]
INFO: [Opt 31-138] Pushed 0 inverter(s) to 0 load pin(s).
Netlist sorting complete. Time (s): cpu = 00:00:00 ; elapsed = 00:00:00 . Memory (MB): peak = 1759.863 ; gain = 0.000 ; free physical = 7178 ; free virtual = 14662
INFO: [Project 1-111] Unisim Transformation Summary:
No Unisim elements were transformed.

5 Infos, 0 Warnings, 0 Critical Warnings and 0 Errors encountered.
link_design completed successfully
Command: opt_design
Attempting to get a license for feature 'Implementation' and/or device 'xc7a35t'
INFO: [Common 17-349] Got license for feature 'Implementation' and/or device 'xc7a35t'
Running DRC as a precondition to command opt_design

Starting DRC Task
INFO: [DRC 23-27] Running DRC with 8 threads
INFO: [Project 1-461] DRC finished with 0 Errors
INFO: [Project 1-462] Please refer to the DRC report (report_drc) for more information.

Time (s): cpu = 00:00:00.76 ; elapsed = 00:00:00.52 . Memory (MB): peak = 1848.645 ; gain = 82.844 ; free physical = 7157 ; free virtual = 14641

Starting Cache Timing Information Task
INFO: [Timing 38-35] Done setting XDC timing constraints.
Ending Cache Timing Information Task | Checksum: 160ac7997

Time (s): cpu = 00:00:03 ; elapsed = 00:00:04 . Memory (MB): peak = 2345.504 ; gain = 496.859 ; free physical = 6724 ; free virtual = 14208

Starting Logic Optimization Task

Phase 1 Retarget
INFO: [Opt 31-138] Pushed 0 inverter(s) to 0 load pin(s).
INFO: [Opt 31-49] Retargeted 0 cell(s).
Phase 1 Retarget | Checksum: 160ac7997

Time (s): cpu = 00:00:00.01 ; elapsed = 00:00:00.02 . Memory (MB): peak = 2629.395 ; gain = 0.000 ; free physical = 6431 ; free virtual = 13915
INFO: [Opt 31-389] Phase Retarget created 0 cells and removed 0 cells

Phase 2 Constant propagation
INFO: [Opt 31-138] Pushed 0 inverter(s) to 0 load pin(s).
Phase 2 Constant propagation | Checksum: 160ac7997

Time (s): cpu = 00:00:00.01 ; elapsed = 00:00:00.02 . Memory (MB): peak = 2629.395 ; gain = 0.000 ; free physical = 6431 ; free virtual = 13915
INFO: [Opt 31-389] Phase Constant propagation created 0 cells and removed 0 cells

Phase 3 Sweep
Phase 3 Sweep | Checksum: 160ac7997

Time (s): cpu = 00:00:00.01 ; elapsed = 00:00:00.02 . Memory (MB): peak = 2629.395 ; gain = 0.000 ; free physical = 6431 ; free virtual = 13915
INFO: [Opt 31-389] Phase Sweep created 0 cells and removed 0 cells

Phase 4 BUFG optimization
Phase 4 BUFG optimization | Checksum: 160ac7997

Time (s): cpu = 00:00:00.01 ; elapsed = 00:00:00.02 . Memory (MB): peak = 2661.410 ; gain = 32.016 ; free physical = 6431 ; free virtual = 13915
INFO: [Opt 31-662] Phase BUFG optimization created 0 cells of which 0 are BUFGs and removed 0 cells.

Phase 5 Shift Register Optimization
INFO: [Opt 31-1064] SRL Remap converted 0 SRLs to 0 registers and converted 0 registers of register chains to 0 SRLs
Phase 5 Shift Register Optimization | Checksum: 160ac7997

Time (s): cpu = 00:00:00.02 ; elapsed = 00:00:00.02 . Memory (MB): peak = 2661.410 ; gain = 32.016 ; free physical = 6431 ; free virtual = 13915
INFO: [Opt 31-389] Phase Shift Register Optimization created 0 cells and removed 0 cells

Phase 6 Post Processing Netlist
Phase 6 Post Processing Netlist | Checksum: 160ac7997

Time (s): cpu = 00:00:00.02 ; elapsed = 00:00:00.02 . Memory (MB): peak = 2661.410 ; gain = 32.016 ; free physical = 6431 ; free virtual = 13915
INFO: [Opt 31-389] Phase Post Processing Netlist created 0 cells and removed 0 cells
Opt_design Change Summary
=========================


-------------------------------------------------------------------------------------------------------------------------
|  Phase                        |  #Cells created  |  #Cells Removed  |  #Constrained objects preventing optimizations  |
-------------------------------------------------------------------------------------------------------------------------
|  Retarget                     |               0  |               0  |                                              0  |
|  Constant propagation         |               0  |               0  |                                              0  |
|  Sweep                        |               0  |               0  |                                              0  |
|  BUFG optimization            |               0  |               0  |                                              0  |
|  Shift Register Optimization  |               0  |               0  |                                              0  |
|  Post Processing Netlist      |               0  |               0  |                                              0  |
-------------------------------------------------------------------------------------------------------------------------



Starting Connectivity Check Task

Time (s): cpu = 00:00:00 ; elapsed = 00:00:00 . Memory (MB): peak = 2661.410 ; gain = 0.000 ; free physical = 6431 ; free virtual = 13915
Ending Logic Optimization Task | Checksum: 160ac7997

Time (s): cpu = 00:00:00.02 ; elapsed = 00:00:00.03 . Memory (MB): peak = 2661.410 ; gain = 32.016 ; free physical = 6431 ; free virtual = 13915

Starting Power Optimization Task
INFO: [Pwropt 34-132] Skipping clock gating for clocks with a period < 2.00 ns.
Ending Power Optimization Task | Checksum: 160ac7997

Time (s): cpu = 00:00:00 ; elapsed = 00:00:00 . Memory (MB): peak = 2661.410 ; gain = 0.000 ; free physical = 6431 ; free virtual = 13915

Starting Final Cleanup Task
Ending Final Cleanup Task | Checksum: 160ac7997

Time (s): cpu = 00:00:00 ; elapsed = 00:00:00 . Memory (MB): peak = 2661.410 ; gain = 0.000 ; free physical = 6431 ; free virtual = 13915

Starting Netlist Obfuscation Task
Netlist sorting complete. Time (s): cpu = 00:00:00 ; elapsed = 00:00:00 . Memory (MB): peak = 2661.410 ; gain = 0.000 ; free physical = 6431 ; free virtual = 13915
Ending Netlist Obfuscation Task | Checksum: 160ac7997

Time (s): cpu = 00:00:00 ; elapsed = 00:00:00 . Memory (MB): peak = 2661.410 ; gain = 0.000 ; free physical = 6431 ; free virtual = 13915
INFO: [Common 17-83] Releasing license: Implementation
22 Infos, 0 Warnings, 0 Critical Warnings and 0 Errors encountered.
opt_design completed successfully
opt_design: Time (s): cpu = 00:00:05 ; elapsed = 00:00:06 . Memory (MB): peak = 2661.410 ; gain = 895.609 ; free physical = 6431 ; free virtual = 13915
INFO: [runtcl-4] Executing : report_drc -file lab10loopback_drc_opted.rpt -pb lab10loopback_drc_opted.pb -rpx lab10loopback_drc_opted.rpx
Command: report_drc -file lab10loopback_drc_opted.rpt -pb lab10loopback_drc_opted.pb -rpx lab10loopback_drc_opted.rpx
INFO: [IP_Flow 19-234] Refreshing IP repositories
INFO: [IP_Flow 19-1704] No user IP repositories specified
INFO: [IP_Flow 19-2313] Loaded Vivado IP repository '/tools/Xilinx/Vivado/2023.1/data/ip'.
INFO: [DRC 23-27] Running DRC with 8 threads
INFO: [Vivado_Tcl 2-168] The results of DRC are in file /home/jorbis/Documentos/GitHub/DAS/projects/lab10loopback/lab10loopback.runs/impl_1/lab10loopback_drc_opted.rpt.
report_drc completed successfully
INFO: [Timing 38-480] Writing timing data to binary archive.
Writing XDEF routing.
Writing XDEF routing logical nets.
Writing XDEF routing special nets.
Write XDEF Complete: Time (s): cpu = 00:00:00.03 ; elapsed = 00:00:00.01 . Memory (MB): peak = 2733.445 ; gain = 0.000 ; free physical = 6419 ; free virtual = 13903
INFO: [Common 17-1381] The checkpoint '/home/jorbis/Documentos/GitHub/DAS/projects/lab10loopback/lab10loopback.runs/impl_1/lab10loopback_opt.dcp' has been generated.
Command: place_design
Attempting to get a license for feature 'Implementation' and/or device 'xc7a35t'
INFO: [Common 17-349] Got license for feature 'Implementation' and/or device 'xc7a35t'
INFO: [DRC 23-27] Running DRC with 8 threads
INFO: [Vivado_Tcl 4-198] DRC finished with 0 Errors
INFO: [Vivado_Tcl 4-199] Please refer to the DRC report (report_drc) for more information.
Running DRC as a precondition to command place_design
INFO: [DRC 23-27] Running DRC with 8 threads
INFO: [Vivado_Tcl 4-198] DRC finished with 0 Errors
INFO: [Vivado_Tcl 4-199] Please refer to the DRC report (report_drc) for more information.

Starting Placer Task
INFO: [Place 30-611] Multithreading enabled for place_design using a maximum of 8 CPUs

Phase 1 Placer Initialization

Phase 1.1 Placer Initialization Netlist Sorting
Netlist sorting complete. Time (s): cpu = 00:00:00 ; elapsed = 00:00:00 . Memory (MB): peak = 2733.445 ; gain = 0.000 ; free physical = 6419 ; free virtual = 13903
Phase 1.1 Placer Initialization Netlist Sorting | Checksum: a8c48ce8

Time (s): cpu = 00:00:00 ; elapsed = 00:00:00 . Memory (MB): peak = 2733.445 ; gain = 0.000 ; free physical = 6419 ; free virtual = 13903
Netlist sorting complete. Time (s): cpu = 00:00:00 ; elapsed = 00:00:00 . Memory (MB): peak = 2733.445 ; gain = 0.000 ; free physical = 6419 ; free virtual = 13903

Phase 1.2 IO Placement/ Clock Placement/ Build Placer Device
INFO: [Timing 38-35] Done setting XDC timing constraints.
Phase 1.2 IO Placement/ Clock Placement/ Build Placer Device | Checksum: f0cb6bdf

Time (s): cpu = 00:00:00.23 ; elapsed = 00:00:00.08 . Memory (MB): peak = 2733.445 ; gain = 0.000 ; free physical = 6399 ; free virtual = 13884

Phase 1.3 Build Placer Netlist Model
Phase 1.3 Build Placer Netlist Model | Checksum: 1c49eaa8d

Time (s): cpu = 00:00:00.35 ; elapsed = 00:00:00.1 . Memory (MB): peak = 2733.445 ; gain = 0.000 ; free physical = 6398 ; free virtual = 13883

Phase 1.4 Constrain Clocks/Macros
Phase 1.4 Constrain Clocks/Macros | Checksum: 1c49eaa8d

Time (s): cpu = 00:00:00.35 ; elapsed = 00:00:00.11 . Memory (MB): peak = 2733.445 ; gain = 0.000 ; free physical = 6398 ; free virtual = 13883
Phase 1 Placer Initialization | Checksum: 1c49eaa8d

Time (s): cpu = 00:00:00.36 ; elapsed = 00:00:00.11 . Memory (MB): peak = 2733.445 ; gain = 0.000 ; free physical = 6398 ; free virtual = 13883

Phase 2 Global Placement

Phase 2.1 Floorplanning
Phase 2.1 Floorplanning | Checksum: 14babb6f8

Time (s): cpu = 00:00:00.44 ; elapsed = 00:00:00.12 . Memory (MB): peak = 2733.445 ; gain = 0.000 ; free physical = 6391 ; free virtual = 13875

Phase 2.2 Update Timing before SLR Path Opt
Phase 2.2 Update Timing before SLR Path Opt | Checksum: 188976dca

Time (s): cpu = 00:00:00.46 ; elapsed = 00:00:00.13 . Memory (MB): peak = 2733.445 ; gain = 0.000 ; free physical = 6391 ; free virtual = 13875

Phase 2.3 Post-Processing in Floorplanning
Phase 2.3 Post-Processing in Floorplanning | Checksum: 188976dca

Time (s): cpu = 00:00:00.46 ; elapsed = 00:00:00.13 . Memory (MB): peak = 2733.445 ; gain = 0.000 ; free physical = 6391 ; free virtual = 13875

Phase 2.4 Global Placement Core

Phase 2.4.1 UpdateTiming Before Physical Synthesis
Phase 2.4.1 UpdateTiming Before Physical Synthesis | Checksum: 1d89ed0e2

Time (s): cpu = 00:00:01 ; elapsed = 00:00:00.31 . Memory (MB): peak = 2733.445 ; gain = 0.000 ; free physical = 6409 ; free virtual = 13894

Phase 2.4.2 Physical Synthesis In Placer
INFO: [Physopt 32-1044] Break lutnm for timing: one critical 0, two critical 0, total 0, new lutff created 0
INFO: [Physopt 32-1138] End 1 Pass. Optimized 0 net or LUT. Breaked 0 LUT, combined 0 existing LUT and moved 0 existing LUT
INFO: [Physopt 32-65] No nets found for high-fanout optimization.
INFO: [Physopt 32-232] Optimized 0 net. Created 0 new instance.
INFO: [Physopt 32-775] End 1 Pass. Optimized 0 net or cell. Created 0 new cell, deleted 0 existing cell and moved 0 existing cell
INFO: [Physopt 32-670] No setup violation found.  DSP Register Optimization was not performed.
INFO: [Physopt 32-670] No setup violation found.  Shift Register to Pipeline Optimization was not performed.
INFO: [Physopt 32-670] No setup violation found.  Shift Register Optimization was not performed.
INFO: [Physopt 32-670] No setup violation found.  BRAM Register Optimization was not performed.
INFO: [Physopt 32-670] No setup violation found.  URAM Register Optimization was not performed.
INFO: [Physopt 32-949] No candidate nets found for dynamic/static region interface net replication
INFO: [Physopt 32-775] End 1 Pass. Optimized 0 net or cell. Created 0 new cell, deleted 0 existing cell and moved 0 existing cell
Netlist sorting complete. Time (s): cpu = 00:00:00 ; elapsed = 00:00:00 . Memory (MB): peak = 2733.445 ; gain = 0.000 ; free physical = 6454 ; free virtual = 13939

Summary of Physical Synthesis Optimizations
============================================


-----------------------------------------------------------------------------------------------------------------------------------------------------------
|  Optimization                                     |  Added Cells  |  Removed Cells  |  Optimized Cells/Nets  |  Dont Touch  |  Iterations  |  Elapsed   |
-----------------------------------------------------------------------------------------------------------------------------------------------------------
|  LUT Combining                                    |            0  |              0  |                     0  |           0  |           1  |  00:00:00  |
|  Retime                                           |            0  |              0  |                     0  |           0  |           1  |  00:00:00  |
|  Very High Fanout                                 |            0  |              0  |                     0  |           0  |           1  |  00:00:00  |
|  DSP Register                                     |            0  |              0  |                     0  |           0  |           0  |  00:00:00  |
|  Shift Register to Pipeline                       |            0  |              0  |                     0  |           0  |           0  |  00:00:00  |
|  Shift Register                                   |            0  |              0  |                     0  |           0  |           0  |  00:00:00  |
|  BRAM Register                                    |            0  |              0  |                     0  |           0  |           0  |  00:00:00  |
|  URAM Register                                    |            0  |              0  |                     0  |           0  |           0  |  00:00:00  |
|  Dynamic/Static Region Interface Net Replication  |            0  |              0  |                     0  |           0  |           1  |  00:00:00  |
|  Total                                            |            0  |              0  |                     0  |           0  |           4  |  00:00:00  |
-----------------------------------------------------------------------------------------------------------------------------------------------------------


Phase 2.4.2 Physical Synthesis In Placer | Checksum: 1d89ed0e2

Time (s): cpu = 00:00:02 ; elapsed = 00:00:00.51 . Memory (MB): peak = 2733.445 ; gain = 0.000 ; free physical = 6454 ; free virtual = 13939
Phase 2.4 Global Placement Core | Checksum: 14072ead9

Time (s): cpu = 00:00:02 ; elapsed = 00:00:00.52 . Memory (MB): peak = 2733.445 ; gain = 0.000 ; free physical = 6454 ; free virtual = 13938
Phase 2 Global Placement | Checksum: 14072ead9

Time (s): cpu = 00:00:02 ; elapsed = 00:00:00.52 . Memory (MB): peak = 2733.445 ; gain = 0.000 ; free physical = 6454 ; free virtual = 13938

Phase 3 Detail Placement

Phase 3.1 Commit Multi Column Macros
Phase 3.1 Commit Multi Column Macros | Checksum: 1277a9dac

Time (s): cpu = 00:00:02 ; elapsed = 00:00:00.53 . Memory (MB): peak = 2733.445 ; gain = 0.000 ; free physical = 6454 ; free virtual = 13938

Phase 3.2 Commit Most Macros & LUTRAMs
Phase 3.2 Commit Most Macros & LUTRAMs | Checksum: 10214f6fa

Time (s): cpu = 00:00:02 ; elapsed = 00:00:00.54 . Memory (MB): peak = 2733.445 ; gain = 0.000 ; free physical = 6453 ; free virtual = 13937

Phase 3.3 Area Swap Optimization
Phase 3.3 Area Swap Optimization | Checksum: 1a8ce433a

Time (s): cpu = 00:00:02 ; elapsed = 00:00:00.54 . Memory (MB): peak = 2733.445 ; gain = 0.000 ; free physical = 6453 ; free virtual = 13937

Phase 3.4 Pipeline Register Optimization
Phase 3.4 Pipeline Register Optimization | Checksum: 1a8ce433a

Time (s): cpu = 00:00:02 ; elapsed = 00:00:00.54 . Memory (MB): peak = 2733.445 ; gain = 0.000 ; free physical = 6453 ; free virtual = 13937

Phase 3.5 Small Shape Detail Placement
Phase 3.5 Small Shape Detail Placement | Checksum: 9d950a8d

Time (s): cpu = 00:00:02 ; elapsed = 00:00:00.6 . Memory (MB): peak = 2733.445 ; gain = 0.000 ; free physical = 6451 ; free virtual = 13935

Phase 3.6 Re-assign LUT pins
Phase 3.6 Re-assign LUT pins | Checksum: a7479b92

Time (s): cpu = 00:00:02 ; elapsed = 00:00:00.6 . Memory (MB): peak = 2733.445 ; gain = 0.000 ; free physical = 6450 ; free virtual = 13934

Phase 3.7 Pipeline Register Optimization
Phase 3.7 Pipeline Register Optimization | Checksum: a7479b92

Time (s): cpu = 00:00:02 ; elapsed = 00:00:00.6 . Memory (MB): peak = 2733.445 ; gain = 0.000 ; free physical = 6450 ; free virtual = 13934
Phase 3 Detail Placement | Checksum: a7479b92

Time (s): cpu = 00:00:02 ; elapsed = 00:00:00.61 . Memory (MB): peak = 2733.445 ; gain = 0.000 ; free physical = 6450 ; free virtual = 13934

Phase 4 Post Placement Optimization and Clean-Up

Phase 4.1 Post Commit Optimization
INFO: [Timing 38-35] Done setting XDC timing constraints.

Phase 4.1.1 Post Placement Optimization
Post Placement Optimization Initialization | Checksum: 12ac51866

Phase 4.1.1.1 BUFG Insertion

Starting Physical Synthesis Task

Phase 1 Physical Synthesis Initialization
INFO: [Physopt 32-721] Multithreading enabled for phys_opt_design using a maximum of 8 CPUs
INFO: [Physopt 32-619] Estimated Timing Summary | WNS=6.718 | TNS=0.000 |
Phase 1 Physical Synthesis Initialization | Checksum: 1dc648483

Time (s): cpu = 00:00:00.04 ; elapsed = 00:00:00.01 . Memory (MB): peak = 2733.445 ; gain = 0.000 ; free physical = 6450 ; free virtual = 13934
INFO: [Place 46-56] BUFG insertion identified 0 candidate nets. Inserted BUFG: 0, Replicated BUFG Driver: 0, Skipped due to Placement/Routing Conflicts: 0, Skipped due to Timing Degradation: 0, Skipped due to netlist editing failed: 0.
Ending Physical Synthesis Task | Checksum: 1dc648483

Time (s): cpu = 00:00:00.04 ; elapsed = 00:00:00.01 . Memory (MB): peak = 2733.445 ; gain = 0.000 ; free physical = 6450 ; free virtual = 13934
Phase 4.1.1.1 BUFG Insertion | Checksum: 12ac51866

Time (s): cpu = 00:00:02 ; elapsed = 00:00:00.65 . Memory (MB): peak = 2733.445 ; gain = 0.000 ; free physical = 6450 ; free virtual = 13934

Phase 4.1.1.2 Post Placement Timing Optimization
INFO: [Place 30-746] Post Placement Timing Summary WNS=6.718. For the most accurate timing information please run report_timing.
Phase 4.1.1.2 Post Placement Timing Optimization | Checksum: 17cebbb43

Time (s): cpu = 00:00:02 ; elapsed = 00:00:00.65 . Memory (MB): peak = 2733.445 ; gain = 0.000 ; free physical = 6450 ; free virtual = 13934

Time (s): cpu = 00:00:02 ; elapsed = 00:00:00.65 . Memory (MB): peak = 2733.445 ; gain = 0.000 ; free physical = 6450 ; free virtual = 13934
Phase 4.1 Post Commit Optimization | Checksum: 17cebbb43

Time (s): cpu = 00:00:02 ; elapsed = 00:00:00.65 . Memory (MB): peak = 2733.445 ; gain = 0.000 ; free physical = 6450 ; free virtual = 13934

Phase 4.2 Post Placement Cleanup
Phase 4.2 Post Placement Cleanup | Checksum: 17cebbb43

Time (s): cpu = 00:00:02 ; elapsed = 00:00:00.65 . Memory (MB): peak = 2733.445 ; gain = 0.000 ; free physical = 6450 ; free virtual = 13934

Phase 4.3 Placer Reporting

Phase 4.3.1 Print Estimated Congestion
INFO: [Place 30-612] Post-Placement Estimated Congestion 
 ____________________________________________________
|           | Global Congestion | Short Congestion  |
| Direction | Region Size       | Region Size       |
|___________|___________________|___________________|
|      North|                1x1|                1x1|
|___________|___________________|___________________|
|      South|                1x1|                1x1|
|___________|___________________|___________________|
|       East|                1x1|                1x1|
|___________|___________________|___________________|
|       West|                1x1|                1x1|
|___________|___________________|___________________|

Phase 4.3.1 Print Estimated Congestion | Checksum: 17cebbb43

Time (s): cpu = 00:00:02 ; elapsed = 00:00:00.65 . Memory (MB): peak = 2733.445 ; gain = 0.000 ; free physical = 6450 ; free virtual = 13934
Phase 4.3 Placer Reporting | Checksum: 17cebbb43

Time (s): cpu = 00:00:02 ; elapsed = 00:00:00.65 . Memory (MB): peak = 2733.445 ; gain = 0.000 ; free physical = 6450 ; free virtual = 13934

Phase 4.4 Final Placement Cleanup
Netlist sorting complete. Time (s): cpu = 00:00:00 ; elapsed = 00:00:00 . Memory (MB): peak = 2733.445 ; gain = 0.000 ; free physical = 6450 ; free virtual = 13934

Time (s): cpu = 00:00:02 ; elapsed = 00:00:00.66 . Memory (MB): peak = 2733.445 ; gain = 0.000 ; free physical = 6450 ; free virtual = 13934
Phase 4 Post Placement Optimization and Clean-Up | Checksum: 196e6ae57

Time (s): cpu = 00:00:02 ; elapsed = 00:00:00.66 . Memory (MB): peak = 2733.445 ; gain = 0.000 ; free physical = 6450 ; free virtual = 13934
Ending Placer Task | Checksum: 13e778ae8

Time (s): cpu = 00:00:02 ; elapsed = 00:00:00.66 . Memory (MB): peak = 2733.445 ; gain = 0.000 ; free physical = 6450 ; free virtual = 13934
INFO: [Common 17-83] Releasing license: Implementation
58 Infos, 0 Warnings, 0 Critical Warnings and 0 Errors encountered.
place_design completed successfully
INFO: [runtcl-4] Executing : report_io -file lab10loopback_io_placed.rpt
report_io: Time (s): cpu = 00:00:00.03 ; elapsed = 00:00:00.03 . Memory (MB): peak = 2733.445 ; gain = 0.000 ; free physical = 6448 ; free virtual = 13933
INFO: [runtcl-4] Executing : report_utilization -file lab10loopback_utilization_placed.rpt -pb lab10loopback_utilization_placed.pb
INFO: [runtcl-4] Executing : report_control_sets -verbose -file lab10loopback_control_sets_placed.rpt
report_control_sets: Time (s): cpu = 00:00:00 ; elapsed = 00:00:00 . Memory (MB): peak = 2733.445 ; gain = 0.000 ; free physical = 6447 ; free virtual = 13932
INFO: [Timing 38-480] Writing timing data to binary archive.
Writing XDEF routing.
Writing XDEF routing logical nets.
Writing XDEF routing special nets.
Write XDEF Complete: Time (s): cpu = 00:00:00.03 ; elapsed = 00:00:00.01 . Memory (MB): peak = 2733.445 ; gain = 0.000 ; free physical = 6447 ; free virtual = 13932
INFO: [Common 17-1381] The checkpoint '/home/jorbis/Documentos/GitHub/DAS/projects/lab10loopback/lab10loopback.runs/impl_1/lab10loopback_placed.dcp' has been generated.
Command: phys_opt_design
Attempting to get a license for feature 'Implementation' and/or device 'xc7a35t'
INFO: [Common 17-349] Got license for feature 'Implementation' and/or device 'xc7a35t'

Starting Initial Update Timing Task

Time (s): cpu = 00:00:00.01 ; elapsed = 00:00:00.02 . Memory (MB): peak = 2733.445 ; gain = 0.000 ; free physical = 6433 ; free virtual = 13918
INFO: [Vivado_Tcl 4-383] Design worst setup slack (WNS) is greater than or equal to 0.000 ns. Skipping all physical synthesis optimizations.
INFO: [Vivado_Tcl 4-232] No setup violation found. The netlist was not modified.
INFO: [Common 17-83] Releasing license: Implementation
67 Infos, 0 Warnings, 0 Critical Warnings and 0 Errors encountered.
phys_opt_design completed successfully
INFO: [Timing 38-480] Writing timing data to binary archive.
Writing XDEF routing.
Writing XDEF routing logical nets.
Writing XDEF routing special nets.
Write XDEF Complete: Time (s): cpu = 00:00:00.02 ; elapsed = 00:00:00.02 . Memory (MB): peak = 2733.445 ; gain = 0.000 ; free physical = 6423 ; free virtual = 13908
INFO: [Common 17-1381] The checkpoint '/home/jorbis/Documentos/GitHub/DAS/projects/lab10loopback/lab10loopback.runs/impl_1/lab10loopback_physopt.dcp' has been generated.
Command: route_design
Attempting to get a license for feature 'Implementation' and/or device 'xc7a35t'
INFO: [Common 17-349] Got license for feature 'Implementation' and/or device 'xc7a35t'
Running DRC as a precondition to command route_design
INFO: [DRC 23-27] Running DRC with 8 threads
INFO: [Vivado_Tcl 4-198] DRC finished with 0 Errors
INFO: [Vivado_Tcl 4-199] Please refer to the DRC report (report_drc) for more information.


Starting Routing Task
INFO: [Route 35-254] Multithreading enabled for route_design using a maximum of 8 CPUs

Phase 1 Build RT Design
Checksum: PlaceDB: 7aae5b90 ConstDB: 0 ShapeSum: c3c92f58 RouteDB: 0
Post Restoration Checksum: NetGraph: 3bb91f5b | NumContArr: 43d97a0a | Constraints: 190a55ad | Timing: 0
Phase 1 Build RT Design | Checksum: 989cef12

Time (s): cpu = 00:00:11 ; elapsed = 00:00:09 . Memory (MB): peak = 2805.977 ; gain = 54.980 ; free physical = 6268 ; free virtual = 13753

Phase 2 Router Initialization

Phase 2.1 Fix Topology Constraints
Phase 2.1 Fix Topology Constraints | Checksum: 989cef12

Time (s): cpu = 00:00:11 ; elapsed = 00:00:09 . Memory (MB): peak = 2805.977 ; gain = 54.980 ; free physical = 6268 ; free virtual = 13753

Phase 2.2 Pre Route Cleanup
Phase 2.2 Pre Route Cleanup | Checksum: 989cef12

Time (s): cpu = 00:00:11 ; elapsed = 00:00:09 . Memory (MB): peak = 2805.977 ; gain = 54.980 ; free physical = 6268 ; free virtual = 13753
 Number of Nodes with overlaps = 0

Phase 2.3 Update Timing
Phase 2.3 Update Timing | Checksum: 18caca1f7

Time (s): cpu = 00:00:11 ; elapsed = 00:00:09 . Memory (MB): peak = 2815.977 ; gain = 64.980 ; free physical = 6263 ; free virtual = 13749
INFO: [Route 35-416] Intermediate Timing Summary | WNS=6.701  | TNS=0.000  | WHS=-0.093 | THS=-0.779 |


Router Utilization Summary
  Global Vertical Routing Utilization    = 0 %
  Global Horizontal Routing Utilization  = 0 %
  Routable Net Status*
  *Does not include unroutable nets such as driverless and loadless.
  Run report_route_status for detailed report.
  Number of Failed Nets               = 40
    (Failed Nets is the sum of unrouted and partially routed nets)
  Number of Unrouted Nets             = 40
  Number of Partially Routed Nets     = 0
  Number of Node Overlaps             = 0

Phase 2 Router Initialization | Checksum: 17c6d6406

Time (s): cpu = 00:00:11 ; elapsed = 00:00:09 . Memory (MB): peak = 2818.977 ; gain = 67.980 ; free physical = 6255 ; free virtual = 13741

Phase 3 Initial Routing

Phase 3.1 Global Routing
Phase 3.1 Global Routing | Checksum: 17c6d6406

Time (s): cpu = 00:00:11 ; elapsed = 00:00:09 . Memory (MB): peak = 2818.977 ; gain = 67.980 ; free physical = 6255 ; free virtual = 13741
Phase 3 Initial Routing | Checksum: 214669c44

Time (s): cpu = 00:00:11 ; elapsed = 00:00:09 . Memory (MB): peak = 2818.977 ; gain = 67.980 ; free physical = 6255 ; free virtual = 13741

Phase 4 Rip-up And Reroute

Phase 4.1 Global Iteration 0
 Number of Nodes with overlaps = 1
 Number of Nodes with overlaps = 0
INFO: [Route 35-416] Intermediate Timing Summary | WNS=6.507  | TNS=0.000  | WHS=N/A    | THS=N/A    |

Phase 4.1 Global Iteration 0 | Checksum: d5b5a9a5

Time (s): cpu = 00:00:12 ; elapsed = 00:00:09 . Memory (MB): peak = 2818.977 ; gain = 67.980 ; free physical = 6255 ; free virtual = 13741

Phase 4.2 Global Iteration 1
 Number of Nodes with overlaps = 0
INFO: [Route 35-416] Intermediate Timing Summary | WNS=6.507  | TNS=0.000  | WHS=N/A    | THS=N/A    |

Phase 4.2 Global Iteration 1 | Checksum: bbdcc72d

Time (s): cpu = 00:00:12 ; elapsed = 00:00:09 . Memory (MB): peak = 2818.977 ; gain = 67.980 ; free physical = 6255 ; free virtual = 13741
Phase 4 Rip-up And Reroute | Checksum: bbdcc72d

Time (s): cpu = 00:00:12 ; elapsed = 00:00:09 . Memory (MB): peak = 2818.977 ; gain = 67.980 ; free physical = 6255 ; free virtual = 13741

Phase 5 Delay and Skew Optimization

Phase 5.1 Delay CleanUp
Phase 5.1 Delay CleanUp | Checksum: bbdcc72d

Time (s): cpu = 00:00:12 ; elapsed = 00:00:09 . Memory (MB): peak = 2818.977 ; gain = 67.980 ; free physical = 6255 ; free virtual = 13741

Phase 5.2 Clock Skew Optimization
Phase 5.2 Clock Skew Optimization | Checksum: bbdcc72d

Time (s): cpu = 00:00:12 ; elapsed = 00:00:09 . Memory (MB): peak = 2818.977 ; gain = 67.980 ; free physical = 6255 ; free virtual = 13741
Phase 5 Delay and Skew Optimization | Checksum: bbdcc72d

Time (s): cpu = 00:00:12 ; elapsed = 00:00:09 . Memory (MB): peak = 2818.977 ; gain = 67.980 ; free physical = 6255 ; free virtual = 13741

Phase 6 Post Hold Fix

Phase 6.1 Hold Fix Iter

Phase 6.1.1 Update Timing
Phase 6.1.1 Update Timing | Checksum: f5f10500

Time (s): cpu = 00:00:12 ; elapsed = 00:00:09 . Memory (MB): peak = 2818.977 ; gain = 67.980 ; free physical = 6255 ; free virtual = 13741
INFO: [Route 35-416] Intermediate Timing Summary | WNS=6.609  | TNS=0.000  | WHS=0.194  | THS=0.000  |

Phase 6.1 Hold Fix Iter | Checksum: 895de82f

Time (s): cpu = 00:00:12 ; elapsed = 00:00:09 . Memory (MB): peak = 2818.977 ; gain = 67.980 ; free physical = 6255 ; free virtual = 13741
Phase 6 Post Hold Fix | Checksum: 895de82f

Time (s): cpu = 00:00:12 ; elapsed = 00:00:09 . Memory (MB): peak = 2818.977 ; gain = 67.980 ; free physical = 6255 ; free virtual = 13741

Phase 7 Route finalize

Router Utilization Summary
  Global Vertical Routing Utilization    = 0.00438492 %
  Global Horizontal Routing Utilization  = 0.00507548 %
  Routable Net Status*
  *Does not include unroutable nets such as driverless and loadless.
  Run report_route_status for detailed report.
  Number of Failed Nets               = 0
    (Failed Nets is the sum of unrouted and partially routed nets)
  Number of Unrouted Nets             = 0
  Number of Partially Routed Nets     = 0
  Number of Node Overlaps             = 0

Phase 7 Route finalize | Checksum: 106300f50

Time (s): cpu = 00:00:12 ; elapsed = 00:00:09 . Memory (MB): peak = 2818.977 ; gain = 67.980 ; free physical = 6255 ; free virtual = 13741

Phase 8 Verifying routed nets

 Verification completed successfully
Phase 8 Verifying routed nets | Checksum: 106300f50

Time (s): cpu = 00:00:12 ; elapsed = 00:00:09 . Memory (MB): peak = 2818.977 ; gain = 67.980 ; free physical = 6255 ; free virtual = 13741

Phase 9 Depositing Routes
Phase 9 Depositing Routes | Checksum: 1d2c40001

Time (s): cpu = 00:00:12 ; elapsed = 00:00:09 . Memory (MB): peak = 2818.977 ; gain = 67.980 ; free physical = 6255 ; free virtual = 13741

Phase 10 Post Router Timing
INFO: [Route 35-57] Estimated Timing Summary | WNS=6.609  | TNS=0.000  | WHS=0.194  | THS=0.000  |

INFO: [Route 35-327] The final timing numbers are based on the router estimated timing analysis. For a complete and accurate timing signoff, please run report_timing_summary.
Phase 10 Post Router Timing | Checksum: 1d2c40001

Time (s): cpu = 00:00:12 ; elapsed = 00:00:09 . Memory (MB): peak = 2818.977 ; gain = 67.980 ; free physical = 6255 ; free virtual = 13741
INFO: [Route 35-16] Router Completed Successfully

Phase 11 Post-Route Event Processing
Phase 11 Post-Route Event Processing | Checksum: f67990ab

Time (s): cpu = 00:00:12 ; elapsed = 00:00:09 . Memory (MB): peak = 2818.977 ; gain = 67.980 ; free physical = 6255 ; free virtual = 13741

Time (s): cpu = 00:00:12 ; elapsed = 00:00:09 . Memory (MB): peak = 2818.977 ; gain = 67.980 ; free physical = 6255 ; free virtual = 13741

Routing Is Done.
INFO: [Common 17-83] Releasing license: Implementation
82 Infos, 0 Warnings, 0 Critical Warnings and 0 Errors encountered.
route_design completed successfully
route_design: Time (s): cpu = 00:00:12 ; elapsed = 00:00:10 . Memory (MB): peak = 2818.977 ; gain = 85.531 ; free physical = 6255 ; free virtual = 13741
INFO: [runtcl-4] Executing : report_drc -file lab10loopback_drc_routed.rpt -pb lab10loopback_drc_routed.pb -rpx lab10loopback_drc_routed.rpx
Command: report_drc -file lab10loopback_drc_routed.rpt -pb lab10loopback_drc_routed.pb -rpx lab10loopback_drc_routed.rpx
INFO: [IP_Flow 19-1839] IP Catalog is up to date.
INFO: [DRC 23-27] Running DRC with 8 threads
INFO: [Vivado_Tcl 2-168] The results of DRC are in file /home/jorbis/Documentos/GitHub/DAS/projects/lab10loopback/lab10loopback.runs/impl_1/lab10loopback_drc_routed.rpt.
report_drc completed successfully
INFO: [runtcl-4] Executing : report_methodology -file lab10loopback_methodology_drc_routed.rpt -pb lab10loopback_methodology_drc_routed.pb -rpx lab10loopback_methodology_drc_routed.rpx
Command: report_methodology -file lab10loopback_methodology_drc_routed.rpt -pb lab10loopback_methodology_drc_routed.pb -rpx lab10loopback_methodology_drc_routed.rpx
INFO: [Timing 38-35] Done setting XDC timing constraints.
INFO: [DRC 23-133] Running Methodology with 8 threads
INFO: [Vivado_Tcl 2-1520] The results of Report Methodology are in file /home/jorbis/Documentos/GitHub/DAS/projects/lab10loopback/lab10loopback.runs/impl_1/lab10loopback_methodology_drc_routed.rpt.
report_methodology completed successfully
INFO: [runtcl-4] Executing : report_power -file lab10loopback_power_routed.rpt -pb lab10loopback_power_summary_routed.pb -rpx lab10loopback_power_routed.rpx
Command: report_power -file lab10loopback_power_routed.rpt -pb lab10loopback_power_summary_routed.pb -rpx lab10loopback_power_routed.rpx
INFO: [Timing 38-35] Done setting XDC timing constraints.
Running Vector-less Activity Propagation...

Finished Running Vector-less Activity Propagation
92 Infos, 0 Warnings, 0 Critical Warnings and 0 Errors encountered.
report_power completed successfully
INFO: [runtcl-4] Executing : report_route_status -file lab10loopback_route_status.rpt -pb lab10loopback_route_status.pb
INFO: [runtcl-4] Executing : report_timing_summary -max_paths 10 -report_unconstrained -file lab10loopback_timing_summary_routed.rpt -pb lab10loopback_timing_summary_routed.pb -rpx lab10loopback_timing_summary_routed.rpx -warn_on_violation 
INFO: [Timing 38-91] UpdateTimingParams: Speed grade: -1, Delay Type: min_max.
INFO: [Timing 38-191] Multithreading enabled for timing update using a maximum of 8 CPUs
INFO: [runtcl-4] Executing : report_incremental_reuse -file lab10loopback_incremental_reuse_routed.rpt
INFO: [Vivado_Tcl 4-1062] Incremental flow is disabled. No incremental reuse Info to report.
INFO: [runtcl-4] Executing : report_clock_utilization -file lab10loopback_clock_utilization_routed.rpt
INFO: [runtcl-4] Executing : report_bus_skew -warn_on_violation -file lab10loopback_bus_skew_routed.rpt -pb lab10loopback_bus_skew_routed.pb -rpx lab10loopback_bus_skew_routed.rpx
INFO: [Timing 38-91] UpdateTimingParams: Speed grade: -1, Delay Type: min_max.
INFO: [Timing 38-191] Multithreading enabled for timing update using a maximum of 8 CPUs
INFO: [Timing 38-480] Writing timing data to binary archive.
Writing XDEF routing.
Writing XDEF routing logical nets.
Writing XDEF routing special nets.
Write XDEF Complete: Time (s): cpu = 00:00:00.04 ; elapsed = 00:00:00.01 . Memory (MB): peak = 2935.770 ; gain = 0.000 ; free physical = 6195 ; free virtual = 13682
INFO: [Common 17-1381] The checkpoint '/home/jorbis/Documentos/GitHub/DAS/projects/lab10loopback/lab10loopback.runs/impl_1/lab10loopback_routed.dcp' has been generated.
Command: write_bitstream -force lab10loopback.bit
Attempting to get a license for feature 'Implementation' and/or device 'xc7a35t'
INFO: [Common 17-349] Got license for feature 'Implementation' and/or device 'xc7a35t'
Running DRC as a precondition to command write_bitstream
INFO: [IP_Flow 19-1839] IP Catalog is up to date.
INFO: [DRC 23-27] Running DRC with 8 threads
INFO: [Vivado 12-3199] DRC finished with 0 Errors
INFO: [Vivado 12-3200] Please refer to the DRC report (report_drc) for more information.
INFO: [Designutils 20-2272] Running write_bitstream with 8 threads.
Loading data files...
Loading site data...
Loading route data...
Processing options...
Creating bitmap...
Creating bitstream...
Writing bitstream ./lab10loopback.bit...
INFO: [Vivado 12-1842] Bitgen Completed Successfully.
INFO: [Project 1-1876] WebTalk data collection is mandatory when using a ULT device. To see the specific WebTalk data collected for your design, open the usage_statistics_webtalk.html or usage_statistics_webtalk.xml file in the implementation directory.
INFO: [Common 17-83] Releasing license: Implementation
14 Infos, 0 Warnings, 0 Critical Warnings and 0 Errors encountered.
write_bitstream completed successfully
write_bitstream: Time (s): cpu = 00:00:06 ; elapsed = 00:00:14 . Memory (MB): peak = 3210.074 ; gain = 274.305 ; free physical = 5849 ; free virtual = 13338
INFO: [Common 17-206] Exiting Vivado at Wed May  8 15:50:22 2024...
