Copyright 1986-2022 Xilinx, Inc. All Rights Reserved. Copyright 2022-2023 Advanced Micro Devices, Inc. All Rights Reserved.
---------------------------------------------------------------------------------------------------------------------------------------------
| Tool Version : Vivado v.2023.1 (lin64) Build 3865809 Sun May  7 15:04:56 MDT 2023
| Date         : Thu Apr  4 15:18:02 2024
| Host         : Jorbis-Zenbook running 64-bit unknown
| Command      : report_control_sets -verbose -file lab5loopback_control_sets_placed.rpt
| Design       : lab5loopback
| Device       : xc7a35t
---------------------------------------------------------------------------------------------------------------------------------------------

Control Set Information

Table of Contents
-----------------
1. Summary
2. Histogram
3. Flip-Flop Distribution
4. Detailed Control Set Information

1. Summary
----------

+----------------------------------------------------------+-------+
|                          Status                          | Count |
+----------------------------------------------------------+-------+
| Total control sets                                       |     8 |
|    Minimum number of control sets                        |     8 |
|    Addition due to synthesis replication                 |     0 |
|    Addition due to physical synthesis replication        |     0 |
| Unused register locations in slices containing registers |    37 |
+----------------------------------------------------------+-------+
* Control sets can be merged at opt_design using control_set_merge or merge_equivalent_drivers
** Run report_qor_suggestions for automated merging and remapping suggestions


2. Histogram
------------

+--------------------+-------+
|       Fanout       | Count |
+--------------------+-------+
| Total control sets |     8 |
| >= 0 to < 4        |     1 |
| >= 4 to < 6        |     2 |
| >= 6 to < 8        |     1 |
| >= 8 to < 10       |     2 |
| >= 10 to < 12      |     0 |
| >= 12 to < 14      |     0 |
| >= 14 to < 16      |     0 |
| >= 16              |     2 |
+--------------------+-------+
* Control sets can be remapped at either synth_design or opt_design


3. Flip-Flop Distribution
-------------------------

+--------------+-----------------------+------------------------+-----------------+--------------+
| Clock Enable | Synchronous Set/Reset | Asynchronous Set/Reset | Total Registers | Total Slices |
+--------------+-----------------------+------------------------+-----------------+--------------+
| No           | No                    | No                     |               8 |            7 |
| No           | No                    | Yes                    |               0 |            0 |
| No           | Yes                   | No                     |              34 |            9 |
| Yes          | No                    | No                     |               1 |            1 |
| Yes          | No                    | Yes                    |               0 |            0 |
| Yes          | Yes                   | No                     |              24 |            8 |
+--------------+-----------------------+------------------------+-----------------+--------------+


4. Detailed Control Set Information
-----------------------------------

+----------------+---------------------------------------+------------------------------------+------------------+----------------+--------------+
|  Clock Signal  |             Enable Signal             |          Set/Reset Signal          | Slice Load Count | Bel Load Count | Bels / Slice |
+----------------+---------------------------------------+------------------------------------+------------------+----------------+--------------+
|  clk_IBUF_BUFG | transmitter/fsmd.TxDShf[7]_i_2_n_0    |                                    |                1 |              1 |         1.00 |
|  clk_IBUF_BUFG | transmitter/fsmd.bitPos[3]_i_1__0_n_0 | rstSynchronizer/Q[0]               |                2 |              4 |         2.00 |
|  clk_IBUF_BUFG | receiver/fsmd.bitPos[3]_i_1_n_0       | rstSynchronizer/Q[0]               |                1 |              4 |         4.00 |
|  clk_IBUF_BUFG | transmitter/fsmd.TxDShf[7]_i_2_n_0    | transmitter/fsmd.TxDShf[7]_i_1_n_0 |                2 |              7 |         3.50 |
|  clk_IBUF_BUFG |                                       |                                    |                7 |              8 |         1.14 |
|  clk_IBUF_BUFG | receiver/fsmd.RxDShf[9]_i_1_n_0       | rstSynchronizer/Q[0]               |                3 |              9 |         3.00 |
|  clk_IBUF_BUFG |                                       | receiver/p_0_in                    |                4 |             17 |         4.25 |
|  clk_IBUF_BUFG |                                       | transmitter/baudCntCE_reg_inv_n_0  |                5 |             17 |         3.40 |
+----------------+---------------------------------------+------------------------------------+------------------+----------------+--------------+


